<?xml version="1.0" encoding="UTF-8"?>
<!-- Generated by org.testng.reporters.JUnitXMLReporter -->
<testsuite ignored="0" hostname="DESKTOP-1T195I4" failures="1" tests="5" name="Run on Firefox" time="15.8" errors="0" timestamp="05 Jun 2022 03:56:33 GMT">
  <testcase classname="com.nopcommerce.user.Register_User_Nopcommerce" name="TC_01_Register_Empty_Data" time="0.981"/>
  <testcase classname="com.nopcommerce.user.Register_User_Nopcommerce" name="TC_02_Register_Invalid_Email" time="1.283"/>
  <testcase classname="com.nopcommerce.user.Register_User_Nopcommerce" name="TC_03_Register_Valid_Information" time="2.966"/>
  <testcase classname="com.nopcommerce.user.Register_User_Nopcommerce" name="TC_04_Register_Exist_Email" time="1.193"/>
  <testcase classname="com.nopcommerce.user.Register_User_Nopcommerce" name="TC_05_Register_Short_Password" time="5.104">
    <failure type="org.openqa.selenium.UnhandledAlertException" message="Dismissed user prompt dialog: To display this page, Firefox must send information that will repeat any action (such as a search or order confirmation) that was performed earlier.: 
Build info: version: &amp;apos;3.141.59&amp;apos;, revision: &amp;apos;e82be7d358&amp;apos;, time: &amp;apos;2018-11-14T08:17:03&amp;apos;
System info: host: &amp;apos;DESKTOP-1T195I4&amp;apos;, ip: &amp;apos;192.168.1.19&amp;apos;, os.name: &amp;apos;Windows 10&amp;apos;, os.arch: &amp;apos;amd64&amp;apos;, os.version: &amp;apos;10.0&amp;apos;, java.version: &amp;apos;11.0.13&amp;apos;
Driver info: org.openqa.selenium.firefox.FirefoxDriver
Capabilities {acceptInsecureCerts: true, browserName: firefox, browserVersion: 101.0, javascriptEnabled: true, moz:accessibilityChecks: false, moz:buildID: 20220526203855, moz:geckodriverVersion: 0.31.0, moz:headless: false, moz:processID: 2608, moz:profile: C:\Users\Welcome\AppData\Lo..., moz:shutdownTimeout: 60000, moz:useNonSpecCompliantPointerOrigin: false, moz:webdriverClick: true, pageLoadStrategy: normal, platform: WINDOWS, platformName: WINDOWS, platformVersion: 10.0, proxy: Proxy(), setWindowRect: true, strictFileInteractability: false, timeouts: {implicit: 0, pageLoad: 300000, script: 30000}, unhandledPromptBehavior: dismiss and notify}
Session ID: b5656d00-8086-42dc-a712-0eae77cce054
*** Element info: {Using=xpath, value=//input[@name=&amp;apos;FirstName&amp;apos;]}">
      <![CDATA[org.openqa.selenium.UnhandledAlertException: Dismissed user prompt dialog: To display this page, Firefox must send information that will repeat any action (such as a search or order confirmation) that was performed earlier.: 
Build info: version: '3.141.59', revision: 'e82be7d358', time: '2018-11-14T08:17:03'
System info: host: 'DESKTOP-1T195I4', ip: '192.168.1.19', os.name: 'Windows 10', os.arch: 'amd64', os.version: '10.0', java.version: '11.0.13'
Driver info: org.openqa.selenium.firefox.FirefoxDriver
Capabilities {acceptInsecureCerts: true, browserName: firefox, browserVersion: 101.0, javascriptEnabled: true, moz:accessibilityChecks: false, moz:buildID: 20220526203855, moz:geckodriverVersion: 0.31.0, moz:headless: false, moz:processID: 2608, moz:profile: C:\Users\Welcome\AppData\Lo..., moz:shutdownTimeout: 60000, moz:useNonSpecCompliantPointerOrigin: false, moz:webdriverClick: true, pageLoadStrategy: normal, platform: WINDOWS, platformName: WINDOWS, platformVersion: 10.0, proxy: Proxy(), setWindowRect: true, strictFileInteractability: false, timeouts: {implicit: 0, pageLoad: 300000, script: 30000}, unhandledPromptBehavior: dismiss and notify}
Session ID: b5656d00-8086-42dc-a712-0eae77cce054
*** Element info: {Using=xpath, value=//input[@name='FirstName']}
at org.openqa.selenium.remote.http.W3CHttpResponseCodec.decode(W3CHttpResponseCodec.java:120)
at org.openqa.selenium.remote.http.W3CHttpResponseCodec.decode(W3CHttpResponseCodec.java:49)
at org.openqa.selenium.remote.HttpCommandExecutor.execute(HttpCommandExecutor.java:158)
at org.openqa.selenium.remote.service.DriverCommandExecutor.execute(DriverCommandExecutor.java:83)
at org.openqa.selenium.remote.RemoteWebDriver.execute(RemoteWebDriver.java:552)
at org.openqa.selenium.remote.RemoteWebDriver.findElement(RemoteWebDriver.java:323)
at org.openqa.selenium.remote.RemoteWebDriver.findElementByXPath(RemoteWebDriver.java:428)
at org.openqa.selenium.By$ByXPath.findElement(By.java:353)
at org.openqa.selenium.remote.RemoteWebDriver.findElement(RemoteWebDriver.java:315)
at org.openqa.selenium.support.ui.ExpectedConditions$7.apply(ExpectedConditions.java:205)
at org.openqa.selenium.support.ui.ExpectedConditions$7.apply(ExpectedConditions.java:201)
at org.openqa.selenium.support.ui.FluentWait.until(FluentWait.java:249)
at commons.BasePage.waitForElementVisisble(BasePage.java:405)
at commons.BasePage.sendKeyToTextBoxByName(BasePage.java:469)
at com.nopcommerce.user.Register_User_Nopcommerce.TC_05_Register_Short_Password(Register_User_Nopcommerce.java:155)
... Removed 25 stack frames]]>
    </failure>
  </testcase> <!-- TC_05_Register_Short_Password -->
</testsuite> <!-- Run on Firefox -->
