<?xml version="1.0" encoding="UTF-8"?>
<!-- Generated by org.testng.reporters.JUnitXMLReporter -->
<testsuite ignored="0" hostname="DESKTOP-1T195I4" failures="1" tests="7" name="Run on Firefox" time="25.413" errors="0" timestamp="08 Jun 2022 01:28:21 GMT">
  <testcase classname="com.nopcommerce.user.Product_User_Nopcommerce" name="TC_01_Sort_Name_A_To_Z" time="1.056"/>
  <testcase classname="com.nopcommerce.user.Product_User_Nopcommerce" name="TC_02_Sort_Name_Z_To_A" time="0.99">
    <failure type="java.lang.AssertionError" message="expected [true] but found [false]">
      <![CDATA[java.lang.AssertionError: expected [true] but found [false]
at commons.BaseTest.checkTrue(BaseTest.java:76)
at commons.BaseTest.verifyTrue(BaseTest.java:88)
at com.nopcommerce.user.Product_User_Nopcommerce.TC_02_Sort_Name_Z_To_A(Product_User_Nopcommerce.java:56)
... Removed 29 stack frames]]>
    </failure>
  </testcase> <!-- TC_02_Sort_Name_Z_To_A -->
  <testcase classname="com.nopcommerce.user.Product_User_Nopcommerce" name="TC_03_Sort_Price_Low_To_High" time="1.006"/>
  <testcase classname="com.nopcommerce.user.Product_User_Nopcommerce" name="TC_04_Sort_Price_High_To_Low" time="1.003"/>
  <testcase classname="com.nopcommerce.user.Product_User_Nopcommerce" name="TC_05_Product_Display_03_Product" time="1.848"/>
  <testcase classname="com.nopcommerce.user.Product_User_Nopcommerce" name="TC_06_Product_Display_06_Product" time="6.86"/>
  <testcase classname="com.nopcommerce.user.Product_User_Nopcommerce" name="TC_07_Product_Display_09_Product" time="6.042"/>
</testsuite> <!-- Run on Firefox -->
