<?xml version="1.0" encoding="UTF-8"?>
<!-- Generated by org.testng.reporters.JUnitXMLReporter -->
<testsuite ignored="3" hostname="DESKTOP-1T195I4" failures="1" tests="22" name="Run on Chrome desktop" time="57.405" errors="0" timestamp="09 Jun 2022 20:03:50 GMT">
  <testcase classname="com.nopcommerce.user.Register_User_Nopcommerce" name="TC_01_Register_Empty_Data" time="0.806"/>
  <testcase classname="com.nopcommerce.user.Register_User_Nopcommerce" name="TC_02_Register_Invalid_Email" time="1.152"/>
  <testcase classname="com.nopcommerce.user.Register_User_Nopcommerce" name="TC_03_Register_Valid_Information" time="2.511"/>
  <testcase classname="com.nopcommerce.user.Register_User_Nopcommerce" name="TC_04_Register_Short_Password" time="1.622"/>
  <testcase classname="com.nopcommerce.user.Register_User_Nopcommerce" name="TC_05_Register_Exist_Email" time="1.507"/>
  <testcase classname="com.nopcommerce.user.Login_User_Nopcommerce" name="TC_01_Login_Empty_Data" time="0.135"/>
  <testcase classname="com.nopcommerce.user.Login_User_Nopcommerce" name="TC_02_Login_Invalid_Email" time="0.716"/>
  <testcase classname="com.nopcommerce.user.Login_User_Nopcommerce" name="TC_03_Login_Unregistered_Email" time="0.994"/>
  <testcase classname="com.nopcommerce.user.Login_User_Nopcommerce" name="TC_04_Login_Empty_Password" time="0.886"/>
  <testcase classname="com.nopcommerce.user.Login_User_Nopcommerce" name="TC_05_Login_Wrong_Password" time="1.081"/>
  <testcase classname="com.nopcommerce.user.Login_User_Nopcommerce" name="TC_06_Login_Success" time="1.344"/>
  <testcase classname="com.nopcommerce.user.Account_User_Nopcommerce" name="TC_01_Account_Customer_Information" time="3.389"/>
  <testcase classname="com.nopcommerce.user.Account_User_Nopcommerce" name="TC_02_Account_Address" time="3.962"/>
  <testcase classname="com.nopcommerce.user.Account_User_Nopcommerce" name="TC_03_Account_Change_Password" time="4.305"/>
  <testcase classname="com.nopcommerce.user.Account_User_Nopcommerce" name="TC_04_Account_My_Product_Review" time="3.359"/>
  <testcase classname="com.nopcommerce.user.Product_User_Nopcommerce" name="TC_01_Sort_Name_A_To_Z" time="0.845"/>
  <testcase classname="com.nopcommerce.user.Product_User_Nopcommerce" name="TC_02_Sort_Name_Z_To_A" time="0.824">
    <failure type="java.lang.AssertionError" message="expected [true] but found [false]">
      <![CDATA[java.lang.AssertionError: expected [true] but found [false]
at commons.BaseTest.checkTrue(BaseTest.java:123)
at commons.BaseTest.verifyTrue(BaseTest.java:135)
at com.nopcommerce.user.Product_User_Nopcommerce.TC_02_Sort_Name_Z_To_A(Product_User_Nopcommerce.java:56)
... Removed 29 stack frames]]>
    </failure>
  </testcase> <!-- TC_02_Sort_Name_Z_To_A -->
  <testcase classname="com.nopcommerce.user.Product_User_Nopcommerce" name="TC_03_Sort_Price_Low_To_High" time="0.824"/>
  <testcase classname="com.nopcommerce.user.Product_User_Nopcommerce" name="TC_04_Sort_Price_High_To_Low" time="0.825"/>
  <testcase classname="com.nopcommerce.user.Product_User_Nopcommerce" name="TC_05_Product_Display_03_Product" time="1.408"/>
  <testcase classname="com.nopcommerce.user.Product_User_Nopcommerce" name="TC_06_Product_Display_06_Product" time="7.024"/>
  <testcase classname="com.nopcommerce.user.Product_User_Nopcommerce" name="TC_07_Product_Display_09_Product" time="5.848"/>
  <testcase classname="commons.BaseTest" name="@BeforeTest deleteAllFilesInReportNGScreenshot" time="0.0">
    <ignored/>
  </testcase> <!-- @BeforeTest deleteAllFilesInReportNGScreenshot -->
  <testcase classname="commons.BaseTest" name="@BeforeTest deleteAllFilesInReportNGScreenshot" time="0.0">
    <ignored/>
  </testcase> <!-- @BeforeTest deleteAllFilesInReportNGScreenshot -->
  <testcase classname="commons.BaseTest" name="@BeforeTest deleteAllFilesInReportNGScreenshot" time="0.0">
    <ignored/>
  </testcase> <!-- @BeforeTest deleteAllFilesInReportNGScreenshot -->
</testsuite> <!-- Run on Chrome desktop -->
