<?xml version="1.0" encoding="UTF-8"?>
<testsuite name="Run on Chrome desktop"
           tests="6"
           failures="0"
           errors="0"
           skipped="0"
           time="5.156">
  <properties />
  
  
            <testcase name="TC_04_Login_Empty_Password" time="0.886" classname="com.nopcommerce.user.Login_User_Nopcommerce" />
                <testcase name="TC_05_Login_Wrong_Password" time="1.081" classname="com.nopcommerce.user.Login_User_Nopcommerce" />
                <testcase name="TC_06_Login_Success" time="1.344" classname="com.nopcommerce.user.Login_User_Nopcommerce" />
                <testcase name="TC_01_Login_Empty_Data" time="0.135" classname="com.nopcommerce.user.Login_User_Nopcommerce" />
                <testcase name="TC_03_Login_Unregistered_Email" time="0.994" classname="com.nopcommerce.user.Login_User_Nopcommerce" />
                <testcase name="TC_02_Login_Invalid_Email" time="0.716" classname="com.nopcommerce.user.Login_User_Nopcommerce" />
      
</testsuite>
