<?xml version="1.0" encoding="UTF-8"?>
<testsuite name="Run on Chrome"
           tests="5"
           failures="1"
           errors="0"
           skipped="4"
           time="12.076">
  <properties />
            <testcase name="initBrowser" time="12.076" classname="com.nopcommerce.admin.Upload_File_Admin_Nopcommerce">
                <failure type="org.openqa.selenium.WebDriverException"
                  message="chrome not reachable
  (Session info: chrome=102.0.5005.63)
Build info: version: &apos;3.141.59&apos;, revision: &apos;e82be7d358&apos;, time: &apos;2018-11-14T08:17:03&apos;
System info: host: &apos;DESKTOP-1T195I4&apos;, ip: &apos;192.168.1.19&apos;, os.name: &apos;Windows 10&apos;, os.arch: &apos;amd64&apos;, os.version: &apos;10.0&apos;, java.version: &apos;11.0.13&apos;
Driver info: org.openqa.selenium.chrome.ChromeDriver
Capabilities {acceptInsecureCerts: false, browserName: chrome, browserVersion: 102.0.5005.63, chrome: {chromedriverVersion: 102.0.5005.61 (0e59bcc00cc4..., userDataDir: C:\Users\Welcome\AppData\Lo...}, goog:chromeOptions: {debuggerAddress: localhost:62969}, javascriptEnabled: true, networkConnectionEnabled: false, pageLoadStrategy: normal, platform: WINDOWS, platformName: WINDOWS, proxy: Proxy(), setWindowRect: true, strictFileInteractability: false, timeouts: {implicit: 0, pageLoad: 300000, script: 30000}, unhandledPromptBehavior: dismiss and notify, webauthn:extension:credBlob: true, webauthn:extension:largeBlob: true, webauthn:virtualAuthenticators: true}
Session ID: 913ba978510c75e465ed72e8dd2d77ed
*** Element info: {Using=xpath, value=//input[@id=&apos;SearchProductName&apos;]}"
              >
<![CDATA[org.openqa.selenium.WebDriverException: chrome not reachable
  (Session info: chrome=102.0.5005.63)
Build info: version: '3.141.59', revision: 'e82be7d358', time: '2018-11-14T08:17:03'
System info: host: 'DESKTOP-1T195I4', ip: '192.168.1.19', os.name: 'Windows 10', os.arch: 'amd64', os.version: '10.0', java.version: '11.0.13'
Driver info: org.openqa.selenium.chrome.ChromeDriver
Capabilities {acceptInsecureCerts: false, browserName: chrome, browserVersion: 102.0.5005.63, chrome: {chromedriverVersion: 102.0.5005.61 (0e59bcc00cc4..., userDataDir: C:\Users\Welcome\AppData\Lo...}, goog:chromeOptions: {debuggerAddress: localhost:62969}, javascriptEnabled: true, networkConnectionEnabled: false, pageLoadStrategy: normal, platform: WINDOWS, platformName: WINDOWS, proxy: Proxy(), setWindowRect: true, strictFileInteractability: false, timeouts: {implicit: 0, pageLoad: 300000, script: 30000}, unhandledPromptBehavior: dismiss and notify, webauthn:extension:credBlob: true, webauthn:extension:largeBlob: true, webauthn:virtualAuthenticators: true}
Session ID: 913ba978510c75e465ed72e8dd2d77ed
*** Element info: {Using=xpath, value=//input[@id='SearchProductName']}
  java.base/jdk.internal.reflect.NativeConstructorAccessorImpl.newInstance0(Native Method)
  java.base/jdk.internal.reflect.NativeConstructorAccessorImpl.newInstance(NativeConstructorAccessorImpl.java:62)
  java.base/jdk.internal.reflect.DelegatingConstructorAccessorImpl.newInstance(DelegatingConstructorAccessorImpl.java:45)
  java.base/java.lang.reflect.Constructor.newInstance(Constructor.java:490)
  org.openqa.selenium.remote.http.W3CHttpResponseCodec.createException(W3CHttpResponseCodec.java:187)
  org.openqa.selenium.remote.http.W3CHttpResponseCodec.decode(W3CHttpResponseCodec.java:122)
  org.openqa.selenium.remote.http.W3CHttpResponseCodec.decode(W3CHttpResponseCodec.java:49)
  org.openqa.selenium.remote.HttpCommandExecutor.execute(HttpCommandExecutor.java:158)
  org.openqa.selenium.remote.service.DriverCommandExecutor.execute(DriverCommandExecutor.java:83)
  org.openqa.selenium.remote.RemoteWebDriver.execute(RemoteWebDriver.java:552)
  org.openqa.selenium.remote.RemoteWebDriver.findElement(RemoteWebDriver.java:323)
  org.openqa.selenium.remote.RemoteWebDriver.findElementByXPath(RemoteWebDriver.java:428)
  org.openqa.selenium.By$ByXPath.findElement(By.java:353)
  org.openqa.selenium.remote.RemoteWebDriver.findElement(RemoteWebDriver.java:315)
  org.openqa.selenium.support.ui.ExpectedConditions$7.apply(ExpectedConditions.java:205)
  org.openqa.selenium.support.ui.ExpectedConditions$7.apply(ExpectedConditions.java:201)
  org.openqa.selenium.support.ui.FluentWait.until(FluentWait.java:249)
  commons.BasePage.waitForElementVisisble(BasePage.java:394)
  pageObject.admin.nopCommerce.ProductSearchPageObject.enterToTextboxByName(ProductSearchPageObject.java:18)
  com.nopcommerce.admin.Upload_File_Admin_Nopcommerce.initBrowser(Upload_File_Admin_Nopcommerce.java:39)
  java.base/jdk.internal.reflect.NativeMethodAccessorImpl.invoke0(Native Method)
  java.base/jdk.internal.reflect.NativeMethodAccessorImpl.invoke(NativeMethodAccessorImpl.java:62)
  java.base/jdk.internal.reflect.DelegatingMethodAccessorImpl.invoke(DelegatingMethodAccessorImpl.java:43)
  java.base/java.lang.reflect.Method.invoke(Method.java:566)
  org.testng.internal.MethodInvocationHelper.invokeMethod(MethodInvocationHelper.java:124)
  org.testng.internal.MethodInvocationHelper.invokeMethodConsideringTimeout(MethodInvocationHelper.java:59)
  org.testng.internal.Invoker.invokeConfigurationMethod(Invoker.java:458)
  org.testng.internal.Invoker.invokeConfigurations(Invoker.java:222)
  org.testng.internal.Invoker.invokeConfigurations(Invoker.java:142)
  org.testng.internal.TestMethodWorker.invokeBeforeClassMethods(TestMethodWorker.java:168)
  org.testng.internal.TestMethodWorker.run(TestMethodWorker.java:105)
  org.testng.TestRunner.privateRun(TestRunner.java:648)
  org.testng.TestRunner.run(TestRunner.java:505)
  org.testng.SuiteRunner.runTest(SuiteRunner.java:455)
  org.testng.SuiteRunner.runSequentially(SuiteRunner.java:450)
  org.testng.SuiteRunner.privateRun(SuiteRunner.java:415)
  org.testng.SuiteRunner.run(SuiteRunner.java:364)
  org.testng.SuiteRunnerWorker.runSuite(SuiteRunnerWorker.java:52)
  org.testng.SuiteRunnerWorker.run(SuiteRunnerWorker.java:84)
  org.testng.TestNG.runSuitesSequentially(TestNG.java:1208)
  org.testng.TestNG.runSuitesLocally(TestNG.java:1137)
  org.testng.TestNG.runSuites(TestNG.java:1049)
  org.testng.TestNG.run(TestNG.java:1017)
  org.testng.remote.AbstractRemoteTestNG.run(AbstractRemoteTestNG.java:115)
  org.testng.remote.RemoteTestNG.initAndRun(RemoteTestNG.java:251)
  org.testng.remote.RemoteTestNG.main(RemoteTestNG.java:77)
]]>
      </failure>

          </testcase>
  
            <testcase name="cleanBrowser" time="0.0" classname="com.nopcommerce.admin.Upload_File_Admin_Nopcommerce">
          <skipped />
    </testcase>
            <testcase name="Login_02_Switch_Page" time="0.0" classname="com.nopcommerce.admin.Upload_File_Admin_Nopcommerce">
          <skipped />
    </testcase>
            <testcase name="Admin_01_Upload_File" time="0.0" classname="com.nopcommerce.admin.Upload_File_Admin_Nopcommerce">
          <skipped />
    </testcase>
            <testcase name="Login_02_Login_To_System" time="0.0" classname="com.nopcommerce.admin.Upload_File_Admin_Nopcommerce">
          <skipped />
    </testcase>
  
  
</testsuite>
