<?xml version="1.0" encoding="UTF-8"?>
<testng-results ignored="6" total="50" passed="42" failed="2" skipped="0">
  <reporter-output>
    <line>
      <![CDATA[[INFO ] [2022-06-13 02:56:26,640] Open Home Page
<br>]]>
    </line>
    <line>
      <![CDATA[[INFO ] [2022-06-13 02:56:26,709] Step 1: Click to 'Register' link on header menu
<br>]]>
    </line>
    <line>
      <![CDATA[[INFO ] [2022-06-13 02:56:27,189] Open Home Page
<br>]]>
    </line>
    <line>
      <![CDATA[[INFO ] [2022-06-13 02:56:27,192] Step 1: Click to 'Register' link on header menu
<br>]]>
    </line>
    <line>
      <![CDATA[[INFO ] [2022-06-13 02:56:27,243] Step 2: Click to 'Register' button
<br>]]>
    </line>
    <line>
      <![CDATA[[INFO ] [2022-06-13 02:56:27,347] Step 3: Verify error 'First Name' message
<br>]]>
    </line>
    <line>
      <![CDATA[[INFO ] [2022-06-13 02:56:27,380]  -------------------------- PASSED -------------------------- 
<br>]]>
    </line>
    <line>
      <![CDATA[[INFO ] [2022-06-13 02:56:27,382] Step 4: Verify error 'Last Name' message
<br>]]>
    </line>
    <line>
      <![CDATA[[INFO ] [2022-06-13 02:56:27,410]  -------------------------- PASSED -------------------------- 
<br>]]>
    </line>
    <line>
      <![CDATA[[INFO ] [2022-06-13 02:56:27,410] Step 5: Verify error 'Email' message
<br>]]>
    </line>
    <line>
      <![CDATA[[INFO ] [2022-06-13 02:56:27,441]  -------------------------- PASSED -------------------------- 
<br>]]>
    </line>
    <line>
      <![CDATA[[INFO ] [2022-06-13 02:56:27,441] Step 6: Verify error 'Password' message
<br>]]>
    </line>
    <line>
      <![CDATA[[INFO ] [2022-06-13 02:56:27,473]  -------------------------- PASSED -------------------------- 
<br>]]>
    </line>
    <line>
      <![CDATA[[INFO ] [2022-06-13 02:56:27,473] Step 7: Verify error 'Confirm Password' message
<br>]]>
    </line>
    <line>
      <![CDATA[[INFO ] [2022-06-13 02:56:27,521]  -------------------------- PASSED -------------------------- 
<br>]]>
    </line>
    <line>
      <![CDATA[[INFO ] [2022-06-13 02:56:27,598] Step 8: Refesh 'Register' 
<br>]]>
    </line>
    <line>
      <![CDATA[[INFO ] [2022-06-13 02:56:27,966] Step 9: Enter to 'First Name' textbox
<br>]]>
    </line>
    <line>
      <![CDATA[[INFO ] [2022-06-13 02:56:28,100] Step 10: Enter to 'Last Name' textbox
<br>]]>
    </line>
    <line>
      <![CDATA[[INFO ] [2022-06-13 02:56:28,137] Step 2: Click to 'Register' button
<br>]]>
    </line>
    <line>
      <![CDATA[[INFO ] [2022-06-13 02:56:28,240] Step 11: Enter to 'Email' textbox
<br>]]>
    </line>
    <line>
      <![CDATA[[INFO ] [2022-06-13 02:56:28,358] Step 3: Verify error 'First Name' message
<br>]]>
    </line>
    <line>
      <![CDATA[[INFO ] [2022-06-13 02:56:28,363] Step 12: Enter to 'Passowrd' textbox
<br>]]>
    </line>
    <line>
      <![CDATA[[INFO ] [2022-06-13 02:56:28,442]  -------------------------- PASSED -------------------------- 
<br>]]>
    </line>
    <line>
      <![CDATA[[INFO ] [2022-06-13 02:56:28,442] Step 4: Verify error 'Last Name' message
<br>]]>
    </line>
    <line>
      <![CDATA[[INFO ] [2022-06-13 02:56:28,489] Step 13: Enter to 'Confirm Password' textbox
<br>]]>
    </line>
    <line>
      <![CDATA[[INFO ] [2022-06-13 02:56:28,523]  -------------------------- PASSED -------------------------- 
<br>]]>
    </line>
    <line>
      <![CDATA[[INFO ] [2022-06-13 02:56:28,523] Step 5: Verify error 'Email' message
<br>]]>
    </line>
    <line>
      <![CDATA[[INFO ] [2022-06-13 02:56:28,617]  -------------------------- PASSED -------------------------- 
<br>]]>
    </line>
    <line>
      <![CDATA[[INFO ] [2022-06-13 02:56:28,617] Step 6: Verify error 'Password' message
<br>]]>
    </line>
    <line>
      <![CDATA[[INFO ] [2022-06-13 02:56:28,688] Step 14: Click to 'Register' button 
<br>]]>
    </line>
    <line>
      <![CDATA[[INFO ] [2022-06-13 02:56:28,721]  -------------------------- PASSED -------------------------- 
<br>]]>
    </line>
    <line>
      <![CDATA[[INFO ] [2022-06-13 02:56:28,721] Step 7: Verify error 'Confirm Password' message
<br>]]>
    </line>
    <line>
      <![CDATA[[INFO ] [2022-06-13 02:56:28,793] Step 15: Verify error 'Email' message
<br>]]>
    </line>
    <line>
      <![CDATA[[INFO ] [2022-06-13 02:56:28,815]  -------------------------- PASSED -------------------------- 
<br>]]>
    </line>
    <line>
      <![CDATA[[INFO ] [2022-06-13 02:56:28,823]  -------------------------- PASSED -------------------------- 
<br>]]>
    </line>
    <line>
      <![CDATA[[INFO ] [2022-06-13 02:56:28,825] Step 8: Refesh 'Register' 
<br>]]>
    </line>
    <line>
      <![CDATA[[INFO ] [2022-06-13 02:56:28,827] Step 16: Refesh 'Register' 
<br>]]>
    </line>
    <line>
      <![CDATA[[INFO ] [2022-06-13 02:56:28,836] Step 17: Enter to 'First Name' textbox
<br>]]>
    </line>
    <line>
      <![CDATA[[INFO ] [2022-06-13 02:56:29,278] Step 18: Enter to 'Last Name' textbox
<br>]]>
    </line>
    <line>
      <![CDATA[[INFO ] [2022-06-13 02:56:29,331] Step 9: Enter to 'First Name' textbox
<br>]]>
    </line>
    <line>
      <![CDATA[[INFO ] [2022-06-13 02:56:29,407] Step 19: Enter to 'Email' textbox
<br>]]>
    </line>
    <line>
      <![CDATA[[INFO ] [2022-06-13 02:56:29,547] Step 20: Enter to 'Passowrd' textbox
<br>]]>
    </line>
    <line>
      <![CDATA[[INFO ] [2022-06-13 02:56:29,613] Step 10: Enter to 'Last Name' textbox
<br>]]>
    </line>
    <line>
      <![CDATA[[INFO ] [2022-06-13 02:56:29,681] Step 21: Enter to 'Confirm Password' textbox
<br>]]>
    </line>
    <line>
      <![CDATA[[INFO ] [2022-06-13 02:56:29,803] Step 22: Click to 'Register' button 
<br>]]>
    </line>
    <line>
      <![CDATA[[INFO ] [2022-06-13 02:56:29,878] Step 11: Enter to 'Email' textbox
<br>]]>
    </line>
    <line>
      <![CDATA[[INFO ] [2022-06-13 02:56:30,153] Step 12: Enter to 'Passowrd' textbox
<br>]]>
    </line>
    <line>
      <![CDATA[[INFO ] [2022-06-13 02:56:30,444] Step 13: Enter to 'Confirm Password' textbox
<br>]]>
    </line>
    <line>
      <![CDATA[[INFO ] [2022-06-13 02:56:30,560] Step 23: Verify Success Message
<br>]]>
    </line>
    <line>
      <![CDATA[[INFO ] [2022-06-13 02:56:30,587]  -------------------------- PASSED -------------------------- 
<br>]]>
    </line>
    <line>
      <![CDATA[[INFO ] [2022-06-13 02:56:30,587] Step 24: Click to 'Log out' button
<br>]]>
    </line>
    <line>
      <![CDATA[[INFO ] [2022-06-13 02:56:30,733] Step 14: Click to 'Register' button 
<br>]]>
    </line>
    <line>
      <![CDATA[[INFO ] [2022-06-13 02:56:30,942] Step 15: Verify error 'Email' message
<br>]]>
    </line>
    <line>
      <![CDATA[[INFO ] [2022-06-13 02:56:31,052]  -------------------------- PASSED -------------------------- 
<br>]]>
    </line>
    <line>
      <![CDATA[[INFO ] [2022-06-13 02:56:31,060] Step 16: Refesh 'Register' 
<br>]]>
    </line>
    <line>
      <![CDATA[[INFO ] [2022-06-13 02:56:31,086] Step 17: Enter to 'First Name' textbox
<br>]]>
    </line>
    <line>
      <![CDATA[[INFO ] [2022-06-13 02:56:31,299] Step 25: Refesh 'Register' 
<br>]]>
    </line>
    <line>
      <![CDATA[[INFO ] [2022-06-13 02:56:31,799] Step 18: Enter to 'Last Name' textbox
<br>]]>
    </line>
    <line>
      <![CDATA[[INFO ] [2022-06-13 02:56:32,069] Step 26: Enter to 'First Name' textbox
<br>]]>
    </line>
    <line>
      <![CDATA[[INFO ] [2022-06-13 02:56:32,101] Step 19: Enter to 'Email' textbox
<br>]]>
    </line>
    <line>
      <![CDATA[[INFO ] [2022-06-13 02:56:32,214] Step 27: Enter to 'Last Name' textbox
<br>]]>
    </line>
    <line>
      <![CDATA[[INFO ] [2022-06-13 02:56:32,353] Step 28: Enter to 'Email' textbox
<br>]]>
    </line>
    <line>
      <![CDATA[[INFO ] [2022-06-13 02:56:32,381] Step 20: Enter to 'Passowrd' textbox
<br>]]>
    </line>
    <line>
      <![CDATA[[INFO ] [2022-06-13 02:56:32,481] Step 29: Enter to 'Passowrd' textbox
<br>]]>
    </line>
    <line>
      <![CDATA[[INFO ] [2022-06-13 02:56:32,638] Step 30: Enter to 'Confirm Password' textbox
<br>]]>
    </line>
    <line>
      <![CDATA[[INFO ] [2022-06-13 02:56:32,646] Step 21: Enter to 'Confirm Password' textbox
<br>]]>
    </line>
    <line>
      <![CDATA[[INFO ] [2022-06-13 02:56:32,772] Step 31: Click to 'Register' button 
<br>]]>
    </line>
    <line>
      <![CDATA[[INFO ] [2022-06-13 02:56:32,864] Step 32: Verify error 'Password' message
<br>]]>
    </line>
    <line>
      <![CDATA[[INFO ] [2022-06-13 02:56:32,887]  -------------------------- PASSED -------------------------- 
<br>]]>
    </line>
    <line>
      <![CDATA[[INFO ] [2022-06-13 02:56:32,890] Step 33: Click to 'Register' link on header menu
<br>]]>
    </line>
    <line>
      <![CDATA[[INFO ] [2022-06-13 02:56:32,898] Step 34: Enter to 'First Name' textbox
<br>]]>
    </line>
    <line>
      <![CDATA[[INFO ] [2022-06-13 02:56:32,924] Step 22: Click to 'Register' button 
<br>]]>
    </line>
    <line>
      <![CDATA[[INFO ] [2022-06-13 02:56:33,337] Step 35: Enter to 'Last Name' textbox
<br>]]>
    </line>
    <line>
      <![CDATA[[INFO ] [2022-06-13 02:56:33,465] Step 36: Enter to 'Email' textbox
<br>]]>
    </line>
    <line>
      <![CDATA[[INFO ] [2022-06-13 02:56:33,594] Step 37: Enter to 'Passowrd' textbox
<br>]]>
    </line>
    <line>
      <![CDATA[[INFO ] [2022-06-13 02:56:33,730] Step 38: Enter to 'Confirm Password' textbox
<br>]]>
    </line>
    <line>
      <![CDATA[[INFO ] [2022-06-13 02:56:33,869] Step 39: Click to 'Register' button 
<br>]]>
    </line>
    <line>
      <![CDATA[[INFO ] [2022-06-13 02:56:34,195] Step 23: Verify Success Message
<br>]]>
    </line>
    <line>
      <![CDATA[[INFO ] [2022-06-13 02:56:34,297]  -------------------------- PASSED -------------------------- 
<br>]]>
    </line>
    <line>
      <![CDATA[[INFO ] [2022-06-13 02:56:34,297] Step 40: Verify Success Message
<br>]]>
    </line>
    <line>
      <![CDATA[[INFO ] [2022-06-13 02:56:34,297] Step 24: Click to 'Log out' button
<br>]]>
    </line>
    <line>
      <![CDATA[[INFO ] [2022-06-13 02:56:34,331]  -------------------------- PASSED -------------------------- 
<br>]]>
    </line>
    <line>
      <![CDATA[[INFO ] [2022-06-13 02:56:35,402] Step 25: Refesh 'Register' 
<br>]]>
    </line>
    <line>
      <![CDATA[[INFO ] [2022-06-13 02:56:36,700] Open Home Page
<br>]]>
    </line>
    <line>
      <![CDATA[[INFO ] [2022-06-13 02:56:36,700] Step 1: Click to 'Login' link on header menu
<br>]]>
    </line>
    <line>
      <![CDATA[[INFO ] [2022-06-13 02:56:37,203] Step 26: Enter to 'First Name' textbox
<br>]]>
    </line>
    <line>
      <![CDATA[[INFO ] [2022-06-13 02:56:37,212] Step 2: Click to 'Login' button with empty data
<br>]]>
    </line>
    <line>
      <![CDATA[[INFO ] [2022-06-13 02:56:37,316] Step 2: Verify error message 
<br>]]>
    </line>
    <line>
      <![CDATA[[INFO ] [2022-06-13 02:56:37,342]  -------------------------- PASSED -------------------------- 
<br>]]>
    </line>
    <line>
      <![CDATA[[INFO ] [2022-06-13 02:56:37,344] Step 3: Refesh login page
<br>]]>
    </line>
    <line>
      <![CDATA[[INFO ] [2022-06-13 02:56:37,353] Step 4: Enter ivalid email to email textbox
<br>]]>
    </line>
    <line>
      <![CDATA[[INFO ] [2022-06-13 02:56:37,808] Step 5: Enter password to email textbox
<br>]]>
    </line>
    <line>
      <![CDATA[[INFO ] [2022-06-13 02:56:37,937] Step 6: Click to 'Login' button 
<br>]]>
    </line>
    <line>
      <![CDATA[[INFO ] [2022-06-13 02:56:38,016] Step 7: Verify error message 
<br>]]>
    </line>
    <line>
      <![CDATA[[INFO ] [2022-06-13 02:56:38,041]  -------------------------- PASSED -------------------------- 
<br>]]>
    </line>
    <line>
      <![CDATA[[INFO ] [2022-06-13 02:56:38,044] Step 3: Refesh login page
<br>]]>
    </line>
    <line>
      <![CDATA[[INFO ] [2022-06-13 02:56:38,052] Step 4: Enter ivalid email to email textbox
<br>]]>
    </line>
    <line>
      <![CDATA[[INFO ] [2022-06-13 02:56:38,188] Step 27: Enter to 'Last Name' textbox
<br>]]>
    </line>
    <line>
      <![CDATA[[INFO ] [2022-06-13 02:56:38,489] Step 5: Enter password to email textbox
<br>]]>
    </line>
    <line>
      <![CDATA[[INFO ] [2022-06-13 02:56:38,653] Step 6: Click to 'Login' button 
<br>]]>
    </line>
    <line>
      <![CDATA[[INFO ] [2022-06-13 02:56:39,043] Step 28: Enter to 'Email' textbox
<br>]]>
    </line>
    <line>
      <![CDATA[[INFO ] [2022-06-13 02:56:39,045] Step 7: Verify error message 
<br>]]>
    </line>
    <line>
      <![CDATA[[INFO ] [2022-06-13 02:56:39,080]  -------------------------- PASSED -------------------------- 
<br>]]>
    </line>
    <line>
      <![CDATA[[INFO ] [2022-06-13 02:56:39,083] Step 3: Refesh login page
<br>]]>
    </line>
    <line>
      <![CDATA[[INFO ] [2022-06-13 02:56:39,092] Step 4: Enter invalid email to email textbox
<br>]]>
    </line>
    <line>
      <![CDATA[[INFO ] [2022-06-13 02:56:39,539] Step 6: Click to 'Login' button 
<br>]]>
    </line>
    <line>
      <![CDATA[[INFO ] [2022-06-13 02:56:39,899] Step 29: Enter to 'Passowrd' textbox
<br>]]>
    </line>
    <line>
      <![CDATA[[INFO ] [2022-06-13 02:56:39,942] Step 7: Verify error message 
<br>]]>
    </line>
    <line>
      <![CDATA[[INFO ] [2022-06-13 02:56:39,966]  -------------------------- PASSED -------------------------- 
<br>]]>
    </line>
    <line>
      <![CDATA[[INFO ] [2022-06-13 02:56:39,970] Step 3: Refesh login page
<br>]]>
    </line>
    <line>
      <![CDATA[[INFO ] [2022-06-13 02:56:39,980] Step 4: Enter invalid email to email textbox
<br>]]>
    </line>
    <line>
      <![CDATA[[INFO ] [2022-06-13 02:56:40,409] Step 5: Enter password to 'Password' textbox
<br>]]>
    </line>
    <line>
      <![CDATA[[INFO ] [2022-06-13 02:56:40,529] Step 6: Click to 'Login' button 
<br>]]>
    </line>
    <line>
      <![CDATA[[INFO ] [2022-06-13 02:56:40,918] Step 7: Verify error message 
<br>]]>
    </line>
    <line>
      <![CDATA[[INFO ] [2022-06-13 02:56:40,955] Step 30: Enter to 'Confirm Password' textbox
<br>]]>
    </line>
    <line>
      <![CDATA[[INFO ] [2022-06-13 02:56:40,957]  -------------------------- PASSED -------------------------- 
<br>]]>
    </line>
    <line>
      <![CDATA[[INFO ] [2022-06-13 02:56:40,959] Step 3: Refesh login page
<br>]]>
    </line>
    <line>
      <![CDATA[[INFO ] [2022-06-13 02:56:40,968] Step 4: Enter invalid email to email textbox
<br>]]>
    </line>
    <line>
      <![CDATA[[INFO ] [2022-06-13 02:56:41,447] Step 5: Enter password to 'Password' textbox
<br>]]>
    </line>
    <line>
      <![CDATA[[INFO ] [2022-06-13 02:56:41,629] Step 6: Click to 'Login' button 
<br>]]>
    </line>
    <line>
      <![CDATA[[INFO ] [2022-06-13 02:56:41,704] Step 31: Click to 'Register' button 
<br>]]>
    </line>
    <line>
      <![CDATA[[INFO ] [2022-06-13 02:56:42,383] Step 7: Verify 'Log out' header link button display  
<br>]]>
    </line>
    <line>
      <![CDATA[[INFO ] [2022-06-13 02:56:42,419]  -------------------------- PASSED -------------------------- 
<br>]]>
    </line>
    <line>
      <![CDATA[[INFO ] [2022-06-13 02:56:42,509] Step 32: Verify error 'Password' message
<br>]]>
    </line>
    <line>
      <![CDATA[[INFO ] [2022-06-13 02:56:42,947]  -------------------------- PASSED -------------------------- 
<br>]]>
    </line>
    <line>
      <![CDATA[[INFO ] [2022-06-13 02:56:42,954] Step 33: Click to 'Register' link on header menu
<br>]]>
    </line>
    <line>
      <![CDATA[[INFO ] [2022-06-13 02:56:43,018] Step 34: Enter to 'First Name' textbox
<br>]]>
    </line>
    <line>
      <![CDATA[[INFO ] [2022-06-13 02:56:43,736] Step 35: Enter to 'Last Name' textbox
<br>]]>
    </line>
    <line>
      <![CDATA[[INFO ] [2022-06-13 02:56:44,020] Step 36: Enter to 'Email' textbox
<br>]]>
    </line>
    <line>
      <![CDATA[[INFO ] [2022-06-13 02:56:44,309] Step 37: Enter to 'Passowrd' textbox
<br>]]>
    </line>
    <line>
      <![CDATA[[INFO ] [2022-06-13 02:56:44,577] Step 38: Enter to 'Confirm Password' textbox
<br>]]>
    </line>
    <line>
      <![CDATA[[INFO ] [2022-06-13 02:56:44,848] Step 39: Click to 'Register' button 
<br>]]>
    </line>
    <line>
      <![CDATA[[INFO ] [2022-06-13 02:56:44,919] Open Home Page
<br>]]>
    </line>
    <line>
      <![CDATA[[INFO ] [2022-06-13 02:56:44,919] Step 1: Click to 'Login' link on header menu
<br>]]>
    </line>
    <line>
      <![CDATA[[INFO ] [2022-06-13 02:56:45,384] Step 4: Enter  email to email textbox
<br>]]>
    </line>
    <line>
      <![CDATA[[INFO ] [2022-06-13 02:56:45,526] Step 5: Enter password to 'Password' textbox
<br>]]>
    </line>
    <line>
      <![CDATA[[INFO ] [2022-06-13 02:56:45,545] Step 40: Verify Success Message
<br>]]>
    </line>
    <line>
      <![CDATA[[INFO ] [2022-06-13 02:56:45,630]  -------------------------- PASSED -------------------------- 
<br>]]>
    </line>
    <line>
      <![CDATA[[INFO ] [2022-06-13 02:56:45,662] Step 6: Click to 'Login' button 
<br>]]>
    </line>
    <line>
      <![CDATA[[INFO ] [2022-06-13 02:56:46,323] Step 3: Click to 'My Account' header menu
<br>]]>
    </line>
    <line>
      <![CDATA[[INFO ] [2022-06-13 02:56:46,796] Step 3: Click to 'Customer Info' sub menu
<br>]]>
    </line>
    <line>
      <![CDATA[[INFO ] [2022-06-13 02:56:47,233] Step 3: Click to 'Gender' radio button
<br>]]>
    </line>
    <line>
      <![CDATA[[INFO ] [2022-06-13 02:56:47,348] Step 3: Enter to 'First Name' textbox
<br>]]>
    </line>
    <line>
      <![CDATA[[INFO ] [2022-06-13 02:56:47,479] Step 3: Enter to 'Last Name' textbox
<br>]]>
    </line>
    <line>
      <![CDATA[[INFO ] [2022-06-13 02:56:47,618] Step 3: Sellect 'Day' dropdown
<br>]]>
    </line>
    <line>
      <![CDATA[[INFO ] [2022-06-13 02:56:47,733] Step 3: Sellect 'Month' dropdown
<br>]]>
    </line>
    <line>
      <![CDATA[[INFO ] [2022-06-13 02:56:47,841] Step 3: Sellect 'Year' dropdown
<br>]]>
    </line>
    <line>
      <![CDATA[[INFO ] [2022-06-13 02:56:47,965] Step 3: Enter to 'Email' textbox
<br>]]>
    </line>
    <line>
      <![CDATA[[INFO ] [2022-06-13 02:56:48,106] Step 3: Enter to 'Company Name' textbox
<br>]]>
    </line>
    <line>
      <![CDATA[[INFO ] [2022-06-13 02:56:48,259] Step 3: Click to 'Save' button
<br>]]>
    </line>
    <line>
      <![CDATA[[INFO ] [2022-06-13 02:56:48,966] Step 3: Verify 'First Name' textbox
<br>]]>
    </line>
    <line>
      <![CDATA[[INFO ] [2022-06-13 02:56:49,026]  -------------------------- PASSED -------------------------- 
<br>]]>
    </line>
    <line>
      <![CDATA[[INFO ] [2022-06-13 02:56:49,026] Step 3: Verify 'Last Name' textbox
<br>]]>
    </line>
    <line>
      <![CDATA[[INFO ] [2022-06-13 02:56:49,088]  -------------------------- PASSED -------------------------- 
<br>]]>
    </line>
    <line>
      <![CDATA[[INFO ] [2022-06-13 02:56:49,088] Step 3: Verify 'Day' dropdown
<br>]]>
    </line>
    <line>
      <![CDATA[[INFO ] [2022-06-13 02:56:49,191]  -------------------------- PASSED -------------------------- 
<br>]]>
    </line>
    <line>
      <![CDATA[[INFO ] [2022-06-13 02:56:49,191] Step 3: Verify 'Month' dropdown
<br>]]>
    </line>
    <line>
      <![CDATA[[INFO ] [2022-06-13 02:56:49,255] Open Home Page
<br>]]>
    </line>
    <line>
      <![CDATA[[INFO ] [2022-06-13 02:56:49,255] Step 1: Click to 'Login' link on header menu
<br>]]>
    </line>
    <line>
      <![CDATA[[INFO ] [2022-06-13 02:56:49,284]  -------------------------- PASSED -------------------------- 
<br>]]>
    </line>
    <line>
      <![CDATA[[INFO ] [2022-06-13 02:56:49,284] Step 3: Verify 'Year' dropdown
<br>]]>
    </line>
    <line>
      <![CDATA[[INFO ] [2022-06-13 02:56:49,784]  -------------------------- PASSED -------------------------- 
<br>]]>
    </line>
    <line>
      <![CDATA[[INFO ] [2022-06-13 02:56:49,784] Step 3: Verify 'Email' textbox
<br>]]>
    </line>
    <line>
      <![CDATA[[INFO ] [2022-06-13 02:56:49,839]  -------------------------- PASSED -------------------------- 
<br>]]>
    </line>
    <line>
      <![CDATA[[INFO ] [2022-06-13 02:56:49,839] Step 3: Verify 'Company' textbox
<br>]]>
    </line>
    <line>
      <![CDATA[[INFO ] [2022-06-13 02:56:49,912]  -------------------------- PASSED -------------------------- 
<br>]]>
    </line>
    <line>
      <![CDATA[[INFO ] [2022-06-13 02:56:49,915] Step 3: Click to 'Address' sub menu
<br>]]>
    </line>
    <line>
      <![CDATA[[INFO ] [2022-06-13 02:56:50,113] Step 2: Click to 'Login' button with empty data
<br>]]>
    </line>
    <line>
      <![CDATA[[INFO ] [2022-06-13 02:56:50,312] Step 2: Verify error message 
<br>]]>
    </line>
    <line>
      <![CDATA[[INFO ] [2022-06-13 02:56:50,392]  -------------------------- PASSED -------------------------- 
<br>]]>
    </line>
    <line>
      <![CDATA[[INFO ] [2022-06-13 02:56:50,394] Step 3: Refesh login page
<br>]]>
    </line>
    <line>
      <![CDATA[[INFO ] [2022-06-13 02:56:50,423] Step 3: Click to 'Add New' button
<br>]]>
    </line>
    <line>
      <![CDATA[[INFO ] [2022-06-13 02:56:50,437] Step 4: Enter ivalid email to email textbox
<br>]]>
    </line>
    <line>
      <![CDATA[[INFO ] [2022-06-13 02:56:50,979] Step 3: Enter to 'First Name' textbox
<br>]]>
    </line>
    <line>
      <![CDATA[[INFO ] [2022-06-13 02:56:51,103] Step 3: Enter to 'Last Name' textbox
<br>]]>
    </line>
    <line>
      <![CDATA[[INFO ] [2022-06-13 02:56:51,156] Step 5: Enter password to email textbox
<br>]]>
    </line>
    <line>
      <![CDATA[[INFO ] [2022-06-13 02:56:51,245] Step 3: Enter to 'Email' textbox
<br>]]>
    </line>
    <line>
      <![CDATA[[INFO ] [2022-06-13 02:56:51,388] Step 3: Enter to 'Company' textbox
<br>]]>
    </line>
    <line>
      <![CDATA[[INFO ] [2022-06-13 02:56:51,427] Step 6: Click to 'Login' button 
<br>]]>
    </line>
    <line>
      <![CDATA[[INFO ] [2022-06-13 02:56:51,525] Step 3: Select 'Country' dropdown
<br>]]>
    </line>
    <line>
      <![CDATA[[INFO ] [2022-06-13 02:56:51,615] Step 7: Verify error message 
<br>]]>
    </line>
    <line>
      <![CDATA[[INFO ] [2022-06-13 02:56:51,632] Step 3: Select 'State' dropdown
<br>]]>
    </line>
    <line>
      <![CDATA[[INFO ] [2022-06-13 02:56:51,711]  -------------------------- PASSED -------------------------- 
<br>]]>
    </line>
    <line>
      <![CDATA[[INFO ] [2022-06-13 02:56:51,713] Step 3: Refesh login page
<br>]]>
    </line>
    <line>
      <![CDATA[[INFO ] [2022-06-13 02:56:51,735] Step 4: Enter ivalid email to email textbox
<br>]]>
    </line>
    <line>
      <![CDATA[[INFO ] [2022-06-13 02:56:51,902] Step 3: Enter to 'City' textbox
<br>]]>
    </line>
    <line>
      <![CDATA[[INFO ] [2022-06-13 02:56:52,063] Step 3: Enter to 'Address 1' textbox
<br>]]>
    </line>
    <line>
      <![CDATA[[INFO ] [2022-06-13 02:56:52,204] Step 3: Enter to 'Address 2' textbox
<br>]]>
    </line>
    <line>
      <![CDATA[[INFO ] [2022-06-13 02:56:52,387] Step 3: Enter to 'Zip / postal code' textbox
<br>]]>
    </line>
    <line>
      <![CDATA[[INFO ] [2022-06-13 02:56:52,429] Step 5: Enter password to email textbox
<br>]]>
    </line>
    <line>
      <![CDATA[[INFO ] [2022-06-13 02:56:52,510] Step 3: Enter to 'Phone number' textbox
<br>]]>
    </line>
    <line>
      <![CDATA[[INFO ] [2022-06-13 02:56:52,635] Step 3: Enter to 'Fax number' textbox
<br>]]>
    </line>
    <line>
      <![CDATA[[INFO ] [2022-06-13 02:56:52,672] Step 6: Click to 'Login' button 
<br>]]>
    </line>
    <line>
      <![CDATA[[INFO ] [2022-06-13 02:56:52,774] Step 3: Click to 'Save' button
<br>]]>
    </line>
    <line>
      <![CDATA[[INFO ] [2022-06-13 02:56:53,338] Step 7: Verify error message 
<br>]]>
    </line>
    <line>
      <![CDATA[[INFO ] [2022-06-13 02:56:53,431]  -------------------------- PASSED -------------------------- 
<br>]]>
    </line>
    <line>
      <![CDATA[[INFO ] [2022-06-13 02:56:53,433] Step 3: Refesh login page
<br>]]>
    </line>
    <line>
      <![CDATA[[INFO ] [2022-06-13 02:56:53,443] Step 3: Verify name
<br>]]>
    </line>
    <line>
      <![CDATA[[INFO ] [2022-06-13 02:56:53,458] Step 4: Enter invalid email to email textbox
<br>]]>
    </line>
    <line>
      <![CDATA[[INFO ] [2022-06-13 02:56:53,466]  -------------------------- PASSED -------------------------- 
<br>]]>
    </line>
    <line>
      <![CDATA[[INFO ] [2022-06-13 02:56:53,466] Step 3: Verify 'Email' textbox
<br>]]>
    </line>
    <line>
      <![CDATA[[INFO ] [2022-06-13 02:56:53,497]  -------------------------- PASSED -------------------------- 
<br>]]>
    </line>
    <line>
      <![CDATA[[INFO ] [2022-06-13 02:56:53,497] Step 3: Verify 'Company' textbox
<br>]]>
    </line>
    <line>
      <![CDATA[[INFO ] [2022-06-13 02:56:53,528]  -------------------------- PASSED -------------------------- 
<br>]]>
    </line>
    <line>
      <![CDATA[[INFO ] [2022-06-13 02:56:53,528] Step 3: Verify 'Country' dropdown
<br>]]>
    </line>
    <line>
      <![CDATA[[INFO ] [2022-06-13 02:56:53,559]  -------------------------- PASSED -------------------------- 
<br>]]>
    </line>
    <line>
      <![CDATA[[INFO ] [2022-06-13 02:56:53,559] Step 3: Verify 'Address 1' textbox
<br>]]>
    </line>
    <line>
      <![CDATA[[INFO ] [2022-06-13 02:56:53,591]  -------------------------- PASSED -------------------------- 
<br>]]>
    </line>
    <line>
      <![CDATA[[INFO ] [2022-06-13 02:56:53,591] Step 3: Verify 'Address 2' textbox
<br>]]>
    </line>
    <line>
      <![CDATA[[INFO ] [2022-06-13 02:56:53,623]  -------------------------- PASSED -------------------------- 
<br>]]>
    </line>
    <line>
      <![CDATA[[INFO ] [2022-06-13 02:56:53,623] Step 3: Verify 'Zip / postal code' textbox
<br>]]>
    </line>
    <line>
      <![CDATA[[INFO ] [2022-06-13 02:56:53,656]  -------------------------- PASSED -------------------------- 
<br>]]>
    </line>
    <line>
      <![CDATA[[INFO ] [2022-06-13 02:56:53,656] Step 3: Verify 'Phone number' textbox
<br>]]>
    </line>
    <line>
      <![CDATA[[INFO ] [2022-06-13 02:56:53,687]  -------------------------- PASSED -------------------------- 
<br>]]>
    </line>
    <line>
      <![CDATA[[INFO ] [2022-06-13 02:56:53,688] Step 3: Verify 'Fax number' textbox
<br>]]>
    </line>
    <line>
      <![CDATA[[INFO ] [2022-06-13 02:56:53,720]  -------------------------- PASSED -------------------------- 
<br>]]>
    </line>
    <line>
      <![CDATA[[INFO ] [2022-06-13 02:56:53,722] Step 3: Click to 'Change password' sub menu
<br>]]>
    </line>
    <line>
      <![CDATA[[INFO ] [2022-06-13 02:56:54,149] Step 6: Click to 'Login' button 
<br>]]>
    </line>
    <line>
      <![CDATA[[INFO ] [2022-06-13 02:56:54,187] Step 3: Enter to 'Old Password' textbox
<br>]]>
    </line>
    <line>
      <![CDATA[[INFO ] [2022-06-13 02:56:54,312] Step 3: Enter to 'New Passowrd' textbox
<br>]]>
    </line>
    <line>
      <![CDATA[[INFO ] [2022-06-13 02:56:54,437] Step 3: Enter to 'Confirm Password' textbox
<br>]]>
    </line>
    <line>
      <![CDATA[[INFO ] [2022-06-13 02:56:54,563] Step 3: Click to 'Change password' button
<br>]]>
    </line>
    <line>
      <![CDATA[[INFO ] [2022-06-13 02:56:54,814] Step 7: Verify error message 
<br>]]>
    </line>
    <line>
      <![CDATA[[INFO ] [2022-06-13 02:56:54,912]  -------------------------- PASSED -------------------------- 
<br>]]>
    </line>
    <line>
      <![CDATA[[INFO ] [2022-06-13 02:56:54,913] Step 3: Refesh login page
<br>]]>
    </line>
    <line>
      <![CDATA[[INFO ] [2022-06-13 02:56:54,943] Step 4: Enter invalid email to email textbox
<br>]]>
    </line>
    <line>
      <![CDATA[[INFO ] [2022-06-13 02:56:54,977] Step 3: Close 'Password was changed'
<br>]]>
    </line>
    <line>
      <![CDATA[[INFO ] [2022-06-13 02:56:55,057] Step 3: Click to 'Log out' header menu
<br>]]>
    </line>
    <line>
      <![CDATA[[INFO ] [2022-06-13 02:56:55,647] Step 5: Enter password to 'Password' textbox
<br>]]>
    </line>
    <line>
      <![CDATA[[INFO ] [2022-06-13 02:56:55,728] Step 1: Click to 'Login' link on header menu
<br>]]>
    </line>
    <line>
      <![CDATA[[INFO ] [2022-06-13 02:56:55,913] Step 6: Click to 'Login' button 
<br>]]>
    </line>
    <line>
      <![CDATA[[INFO ] [2022-06-13 02:56:56,169] Step 4: Enter  email to 'Email' textbox
<br>]]>
    </line>
    <line>
      <![CDATA[[INFO ] [2022-06-13 02:56:56,307] Step 5: Enter old password to 'Password' textbox
<br>]]>
    </line>
    <line>
      <![CDATA[[INFO ] [2022-06-13 02:56:56,445] Step 6: Click to 'Login' button 
<br>]]>
    </line>
    <line>
      <![CDATA[[INFO ] [2022-06-13 02:56:56,563] Step 7: Verify error message 
<br>]]>
    </line>
    <line>
      <![CDATA[[INFO ] [2022-06-13 02:56:56,665]  -------------------------- PASSED -------------------------- 
<br>]]>
    </line>
    <line>
      <![CDATA[[INFO ] [2022-06-13 02:56:56,667] Step 3: Refesh login page
<br>]]>
    </line>
    <line>
      <![CDATA[[INFO ] [2022-06-13 02:56:56,694] Step 4: Enter invalid email to email textbox
<br>]]>
    </line>
    <line>
      <![CDATA[[INFO ] [2022-06-13 02:56:56,827] Step 7: Verify error message 
<br>]]>
    </line>
    <line>
      <![CDATA[[INFO ] [2022-06-13 02:56:56,858]  -------------------------- PASSED -------------------------- 
<br>]]>
    </line>
    <line>
      <![CDATA[[INFO ] [2022-06-13 02:56:56,858] Step 3: Refesh login page
<br>]]>
    </line>
    <line>
      <![CDATA[[INFO ] [2022-06-13 02:56:56,871] Step 4: Enter  email to 'Email' textbox
<br>]]>
    </line>
    <line>
      <![CDATA[[INFO ] [2022-06-13 02:56:57,346] Step 5: Enter new password to 'Password' textbox
<br>]]>
    </line>
    <line>
      <![CDATA[[INFO ] [2022-06-13 02:56:57,379] Step 5: Enter password to 'Password' textbox
<br>]]>
    </line>
    <line>
      <![CDATA[[INFO ] [2022-06-13 02:56:57,467] Step 6: Click to 'Login' button 
<br>]]>
    </line>
    <line>
      <![CDATA[[INFO ] [2022-06-13 02:56:57,631] Step 6: Click to 'Login' button 
<br>]]>
    </line>
    <line>
      <![CDATA[[INFO ] [2022-06-13 02:56:58,178] Step 7: Verify 'Log out' header link button display  
<br>]]>
    </line>
    <line>
      <![CDATA[[INFO ] [2022-06-13 02:56:58,208]  -------------------------- PASSED -------------------------- 
<br>]]>
    </line>
    <line>
      <![CDATA[[INFO ] [2022-06-13 02:56:58,210] Step 3: Click to product by text
<br>]]>
    </line>
    <line>
      <![CDATA[[INFO ] [2022-06-13 02:56:58,589] Step 7: Verify 'Log out' header link button display  
<br>]]>
    </line>
    <line>
      <![CDATA[[INFO ] [2022-06-13 02:56:58,672]  -------------------------- PASSED -------------------------- 
<br>]]>
    </line>
    <line>
      <![CDATA[[INFO ] [2022-06-13 02:57:00,151] Step 3: Click to 'Add Your Review' link
<br>]]>
    </line>
    <line>
      <![CDATA[[INFO ] [2022-06-13 02:57:00,663] Step 3: Enter to 'Review title' textbox
<br>]]>
    </line>
    <line>
      <![CDATA[[INFO ] [2022-06-13 02:57:00,805] Step 3: Enter to 'Review title' textbox
<br>]]>
    </line>
    <line>
      <![CDATA[[INFO ] [2022-06-13 02:57:00,944] Step 3: Click to 'Review' radio
<br>]]>
    </line>
    <line>
      <![CDATA[[INFO ] [2022-06-13 02:57:00,987] Step 6: Click to 'Submit' button 
<br>]]>
    </line>
    <line>
      <![CDATA[[INFO ] [2022-06-13 02:57:01,422] Step 3: Click to 'My Account' header menu
<br>]]>
    </line>
    <line>
      <![CDATA[[INFO ] [2022-06-13 02:57:01,845] Step 3: Click to 'My product reviews' sub menu
<br>]]>
    </line>
    <line>
      <![CDATA[[INFO ] [2022-06-13 02:57:02,307] Step 7: Verify review display  
<br>]]>
    </line>
    <line>
      <![CDATA[[INFO ] [2022-06-13 02:57:02,372]  -------------------------- PASSED -------------------------- 
<br>]]>
    </line>
    <line>
      <![CDATA[[INFO ] [2022-06-13 02:57:04,821] Open Home Page
<br>]]>
    </line>
    <line>
      <![CDATA[[INFO ] [2022-06-13 02:57:04,822] Step 1: Hover to header menu
<br>]]>
    </line>
    <line>
      <![CDATA[[INFO ] [2022-06-13 02:57:04,979] Open Home Page
<br>]]>
    </line>
    <line>
      <![CDATA[[INFO ] [2022-06-13 02:57:04,979] Step 1: Click to 'Login' link on header menu
<br>]]>
    </line>
    <line>
      <![CDATA[[INFO ] [2022-06-13 02:57:05,024] Step 1: Open 'Note Book' submenu
<br>]]>
    </line>
    <line>
      <![CDATA[[INFO ] [2022-06-13 02:57:05,589] Step 1: Click to Sort A to Z
<br>]]>
    </line>
    <line>
      <![CDATA[[INFO ] [2022-06-13 02:57:05,933] Step 4: Enter  email to email textbox
<br>]]>
    </line>
    <line>
      <![CDATA[[INFO ] [2022-06-13 02:57:06,211] Step 5: Enter password to 'Password' textbox
<br>]]>
    </line>
    <line>
      <![CDATA[[INFO ] [2022-06-13 02:57:06,274]  -------------------------- PASSED -------------------------- 
<br>]]>
    </line>
    <line>
      <![CDATA[[INFO ] [2022-06-13 02:57:06,274] Step 2: Click to Sort A to Z
<br>]]>
    </line>
    <line>
      <![CDATA[[INFO ] [2022-06-13 02:57:06,442]  -------------------------- PASSED -------------------------- 
<br>]]>
    </line>
    <line>
      <![CDATA[[INFO ] [2022-06-13 02:57:06,444] Step 1: Click to Sort Z to A
<br>]]>
    </line>
    <line>
      <![CDATA[[INFO ] [2022-06-13 02:57:06,486] Step 6: Click to 'Login' button 
<br>]]>
    </line>
    <line>
      <![CDATA[[INFO ] [2022-06-13 02:57:07,121]  -------------------------- PASSED -------------------------- 
<br>]]>
    </line>
    <line>
      <![CDATA[[INFO ] [2022-06-13 02:57:07,121] Step 2: Click to Sort Z to A
<br>]]>
    </line>
    <line>
      <![CDATA[[INFO ] [2022-06-13 02:57:07,334]  -------------------------- FAILED -------------------------- 
<br>]]>
    </line>
    <line>
      <![CDATA[<br><a target="_blank" href="file:///E:\Automation Testing\04. Maven Automation Framework\ReportNGScreenShots\TC_02_Sort_Name_Z_To_A_13_06_2022_02_57_07.png"><img src="file:///E:\Automation Testing\04. Maven Automation Framework\ReportNGScreenShots\TC_02_Sort_Name_Z_To_A_13_06_2022_02_57_07.png" height='100' width='150'/> </a></br>]]>
    </line>
    <line>
      <![CDATA[[INFO ] [2022-06-13 02:57:07,499] Step 1: Click to Sort Low to High
<br>]]>
    </line>
    <line>
      <![CDATA[[INFO ] [2022-06-13 02:57:07,581] Step 3: Click to 'My Account' header menu
<br>]]>
    </line>
    <line>
      <![CDATA[[INFO ] [2022-06-13 02:57:08,142]  -------------------------- PASSED -------------------------- 
<br>]]>
    </line>
    <line>
      <![CDATA[[INFO ] [2022-06-13 02:57:08,142] Step 2: Click to Sort Low to High
<br>]]>
    </line>
    <line>
      <![CDATA[[INFO ] [2022-06-13 02:57:08,322]  -------------------------- PASSED -------------------------- 
<br>]]>
    </line>
    <line>
      <![CDATA[[INFO ] [2022-06-13 02:57:08,324] Step 1: Click to Sort High to Low
<br>]]>
    </line>
    <line>
      <![CDATA[[INFO ] [2022-06-13 02:57:08,482] Step 3: Click to 'Customer Info' sub menu
<br>]]>
    </line>
    <line>
      <![CDATA[[INFO ] [2022-06-13 02:57:08,973]  -------------------------- PASSED -------------------------- 
<br>]]>
    </line>
    <line>
      <![CDATA[[INFO ] [2022-06-13 02:57:08,974] Step 2: Click to Sort High to High
<br>]]>
    </line>
    <line>
      <![CDATA[[INFO ] [2022-06-13 02:57:09,155]  -------------------------- PASSED -------------------------- 
<br>]]>
    </line>
    <line>
      <![CDATA[[INFO ] [2022-06-13 02:57:09,157] Step 1: Click to Sort A to Z
<br>]]>
    </line>
    <line>
      <![CDATA[[INFO ] [2022-06-13 02:57:09,195] Step 3: Click to 'Gender' radio button
<br>]]>
    </line>
    <line>
      <![CDATA[[INFO ] [2022-06-13 02:57:09,456] Step 3: Enter to 'First Name' textbox
<br>]]>
    </line>
    <line>
      <![CDATA[[INFO ] [2022-06-13 02:57:09,725] Step 3: Enter to 'Last Name' textbox
<br>]]>
    </line>
    <line>
      <![CDATA[[INFO ] [2022-06-13 02:57:09,797]  -------------------------- PASSED -------------------------- 
<br>]]>
    </line>
    <line>
      <![CDATA[[INFO ] [2022-06-13 02:57:09,798] Step 2: Click to Sort High to High
<br>]]>
    </line>
    <line>
      <![CDATA[[INFO ] [2022-06-13 02:57:09,878]  -------------------------- PASSED -------------------------- 
<br>]]>
    </line>
    <line>
      <![CDATA[[INFO ] [2022-06-13 02:57:09,878] Step 2: Click to Sort High to High
<br>]]>
    </line>
    <line>
      <![CDATA[[INFO ] [2022-06-13 02:57:09,912]  -------------------------- PASSED -------------------------- 
<br>]]>
    </line>
    <line>
      <![CDATA[[INFO ] [2022-06-13 02:57:09,912] Step 2: Click to Sort High to High
<br>]]>
    </line>
    <line>
      <![CDATA[[INFO ] [2022-06-13 02:57:09,981] Step 3: Sellect 'Day' dropdown
<br>]]>
    </line>
    <line>
      <![CDATA[[INFO ] [2022-06-13 02:57:10,230] Step 3: Sellect 'Month' dropdown
<br>]]>
    </line>
    <line>
      <![CDATA[[INFO ] [2022-06-13 02:57:10,490] Step 3: Sellect 'Year' dropdown
<br>]]>
    </line>
    <line>
      <![CDATA[[INFO ] [2022-06-13 02:57:10,519]  -------------------------- PASSED -------------------------- 
<br>]]>
    </line>
    <line>
      <![CDATA[[INFO ] [2022-06-13 02:57:10,519] Step 2: Click to Sort High to High
<br>]]>
    </line>
    <line>
      <![CDATA[[INFO ] [2022-06-13 02:57:10,554]  -------------------------- PASSED -------------------------- 
<br>]]>
    </line>
    <line>
      <![CDATA[[INFO ] [2022-06-13 02:57:10,556] Step 2: Click to Sort High to High
<br>]]>
    </line>
    <line>
      <![CDATA[[INFO ] [2022-06-13 02:57:10,734] Step 3: Enter to 'Email' textbox
<br>]]>
    </line>
    <line>
      <![CDATA[[INFO ] [2022-06-13 02:57:11,017] Step 3: Enter to 'Company Name' textbox
<br>]]>
    </line>
    <line>
      <![CDATA[[INFO ] [2022-06-13 02:57:11,166]  -------------------------- PASSED -------------------------- 
<br>]]>
    </line>
    <line>
      <![CDATA[[INFO ] [2022-06-13 02:57:11,166] Step 1: Click to Sort A to Z
<br>]]>
    </line>
    <line>
      <![CDATA[[INFO ] [2022-06-13 02:57:11,295] Step 3: Click to 'Save' button
<br>]]>
    </line>
    <line>
      <![CDATA[[INFO ] [2022-06-13 02:57:11,819]  -------------------------- PASSED -------------------------- 
<br>]]>
    </line>
    <line>
      <![CDATA[[INFO ] [2022-06-13 02:57:11,819] Step 2: Click to Sort High to High
<br>]]>
    </line>
    <line>
      <![CDATA[[INFO ] [2022-06-13 02:57:11,945]  -------------------------- PASSED -------------------------- 
<br>]]>
    </line>
    <line>
      <![CDATA[[INFO ] [2022-06-13 02:57:11,945] Step 2: Click to Sort High to High
<br>]]>
    </line>
    <line>
      <![CDATA[[INFO ] [2022-06-13 02:57:16,481] Step 3: Verify 'First Name' textbox
<br>]]>
    </line>
    <line>
      <![CDATA[[INFO ] [2022-06-13 02:57:16,690]  -------------------------- PASSED -------------------------- 
<br>]]>
    </line>
    <line>
      <![CDATA[[INFO ] [2022-06-13 02:57:16,690] Step 3: Verify 'Last Name' textbox
<br>]]>
    </line>
    <line>
      <![CDATA[[INFO ] [2022-06-13 02:57:16,916]  -------------------------- PASSED -------------------------- 
<br>]]>
    </line>
    <line>
      <![CDATA[[INFO ] [2022-06-13 02:57:16,916] Step 3: Verify 'Day' dropdown
<br>]]>
    </line>
    <line>
      <![CDATA[[INFO ] [2022-06-13 02:57:16,997]  -------------------------- PASSED -------------------------- 
<br>]]>
    </line>
    <line>
      <![CDATA[[INFO ] [2022-06-13 02:57:17,003] Step 1: Click to Sort A to Z
<br>]]>
    </line>
    <line>
      <![CDATA[[INFO ] [2022-06-13 02:57:17,353]  -------------------------- PASSED -------------------------- 
<br>]]>
    </line>
    <line>
      <![CDATA[[INFO ] [2022-06-13 02:57:17,353] Step 3: Verify 'Month' dropdown
<br>]]>
    </line>
    <line>
      <![CDATA[[INFO ] [2022-06-13 02:57:17,738]  -------------------------- PASSED -------------------------- 
<br>]]>
    </line>
    <line>
      <![CDATA[[INFO ] [2022-06-13 02:57:17,738] Step 3: Verify 'Year' dropdown
<br>]]>
    </line>
    <line>
      <![CDATA[[INFO ] [2022-06-13 02:57:17,749]  -------------------------- PASSED -------------------------- 
<br>]]>
    </line>
    <line>
      <![CDATA[[INFO ] [2022-06-13 02:57:17,749] Step 2: Click to Sort High to High
<br>]]>
    </line>
    <line>
      <![CDATA[[INFO ] [2022-06-13 02:57:17,867]  -------------------------- PASSED -------------------------- 
<br>]]>
    </line>
    <line>
      <![CDATA[[INFO ] [2022-06-13 02:57:17,867] Step 2: Click to Sort High to High
<br>]]>
    </line>
    <line>
      <![CDATA[[INFO ] [2022-06-13 02:57:20,633]  -------------------------- PASSED -------------------------- 
<br>]]>
    </line>
    <line>
      <![CDATA[[INFO ] [2022-06-13 02:57:20,633] Step 3: Verify 'Email' textbox
<br>]]>
    </line>
    <line>
      <![CDATA[[INFO ] [2022-06-13 02:57:20,866]  -------------------------- PASSED -------------------------- 
<br>]]>
    </line>
    <line>
      <![CDATA[[INFO ] [2022-06-13 02:57:20,866] Step 3: Verify 'Company' textbox
<br>]]>
    </line>
    <line>
      <![CDATA[[INFO ] [2022-06-13 02:57:21,065]  -------------------------- PASSED -------------------------- 
<br>]]>
    </line>
    <line>
      <![CDATA[[INFO ] [2022-06-13 02:57:21,071] Step 3: Click to 'Address' sub menu
<br>]]>
    </line>
    <line>
      <![CDATA[[INFO ] [2022-06-13 02:57:21,998] Step 3: Click to 'Add New' button
<br>]]>
    </line>
    <line>
      <![CDATA[[INFO ] [2022-06-13 02:57:22,957]  -------------------------- PASSED -------------------------- 
<br>]]>
    </line>
    <line>
      <![CDATA[[INFO ] [2022-06-13 02:57:23,196] Step 3: Enter to 'First Name' textbox
<br>]]>
    </line>
    <line>
      <![CDATA[[INFO ] [2022-06-13 02:57:23,545] Step 3: Enter to 'Last Name' textbox
<br>]]>
    </line>
    <line>
      <![CDATA[[INFO ] [2022-06-13 02:57:23,884] Step 3: Enter to 'Email' textbox
<br>]]>
    </line>
    <line>
      <![CDATA[[INFO ] [2022-06-13 02:57:24,183] Step 3: Enter to 'Company' textbox
<br>]]>
    </line>
    <line>
      <![CDATA[[INFO ] [2022-06-13 02:57:24,456] Step 3: Select 'Country' dropdown
<br>]]>
    </line>
    <line>
      <![CDATA[[INFO ] [2022-06-13 02:57:24,723] Step 3: Select 'State' dropdown
<br>]]>
    </line>
    <line>
      <![CDATA[[INFO ] [2022-06-13 02:57:24,995] Step 3: Enter to 'City' textbox
<br>]]>
    </line>
    <line>
      <![CDATA[[INFO ] [2022-06-13 02:57:25,296] Step 3: Enter to 'Address 1' textbox
<br>]]>
    </line>
    <line>
      <![CDATA[[INFO ] [2022-06-13 02:57:25,541] Step 3: Enter to 'Address 2' textbox
<br>]]>
    </line>
    <line>
      <![CDATA[[INFO ] [2022-06-13 02:57:25,858] Step 3: Enter to 'Zip / postal code' textbox
<br>]]>
    </line>
    <line>
      <![CDATA[[INFO ] [2022-06-13 02:57:26,092] Step 3: Enter to 'Phone number' textbox
<br>]]>
    </line>
    <line>
      <![CDATA[[INFO ] [2022-06-13 02:57:26,357] Step 3: Enter to 'Fax number' textbox
<br>]]>
    </line>
    <line>
      <![CDATA[[INFO ] [2022-06-13 02:57:26,619] Step 3: Click to 'Save' button
<br>]]>
    </line>
    <line>
      <![CDATA[[INFO ] [2022-06-13 02:57:27,614] Step 3: Verify name
<br>]]>
    </line>
    <line>
      <![CDATA[[INFO ] [2022-06-13 02:57:27,698]  -------------------------- PASSED -------------------------- 
<br>]]>
    </line>
    <line>
      <![CDATA[[INFO ] [2022-06-13 02:57:27,698] Step 3: Verify 'Email' textbox
<br>]]>
    </line>
    <line>
      <![CDATA[[INFO ] [2022-06-13 02:57:27,790]  -------------------------- PASSED -------------------------- 
<br>]]>
    </line>
    <line>
      <![CDATA[[INFO ] [2022-06-13 02:57:27,790] Step 3: Verify 'Company' textbox
<br>]]>
    </line>
    <line>
      <![CDATA[[INFO ] [2022-06-13 02:57:27,883]  -------------------------- PASSED -------------------------- 
<br>]]>
    </line>
    <line>
      <![CDATA[[INFO ] [2022-06-13 02:57:27,883] Step 3: Verify 'Country' dropdown
<br>]]>
    </line>
    <line>
      <![CDATA[[INFO ] [2022-06-13 02:57:27,961]  -------------------------- PASSED -------------------------- 
<br>]]>
    </line>
    <line>
      <![CDATA[[INFO ] [2022-06-13 02:57:27,961] Step 3: Verify 'Address 1' textbox
<br>]]>
    </line>
    <line>
      <![CDATA[[INFO ] [2022-06-13 02:57:28,059]  -------------------------- PASSED -------------------------- 
<br>]]>
    </line>
    <line>
      <![CDATA[[INFO ] [2022-06-13 02:57:28,059] Step 3: Verify 'Address 2' textbox
<br>]]>
    </line>
    <line>
      <![CDATA[[INFO ] [2022-06-13 02:57:28,148]  -------------------------- PASSED -------------------------- 
<br>]]>
    </line>
    <line>
      <![CDATA[[INFO ] [2022-06-13 02:57:28,148] Step 3: Verify 'Zip / postal code' textbox
<br>]]>
    </line>
    <line>
      <![CDATA[[INFO ] [2022-06-13 02:57:28,243]  -------------------------- PASSED -------------------------- 
<br>]]>
    </line>
    <line>
      <![CDATA[[INFO ] [2022-06-13 02:57:28,243] Step 3: Verify 'Phone number' textbox
<br>]]>
    </line>
    <line>
      <![CDATA[[INFO ] [2022-06-13 02:57:28,350]  -------------------------- PASSED -------------------------- 
<br>]]>
    </line>
    <line>
      <![CDATA[[INFO ] [2022-06-13 02:57:28,350] Step 3: Verify 'Fax number' textbox
<br>]]>
    </line>
    <line>
      <![CDATA[[INFO ] [2022-06-13 02:57:28,441]  -------------------------- PASSED -------------------------- 
<br>]]>
    </line>
    <line>
      <![CDATA[[INFO ] [2022-06-13 02:57:28,447] Step 3: Click to 'Change password' sub menu
<br>]]>
    </line>
    <line>
      <![CDATA[[INFO ] [2022-06-13 02:57:29,276] Step 3: Enter to 'Old Password' textbox
<br>]]>
    </line>
    <line>
      <![CDATA[[INFO ] [2022-06-13 02:57:29,552] Step 3: Enter to 'New Passowrd' textbox
<br>]]>
    </line>
    <line>
      <![CDATA[[INFO ] [2022-06-13 02:57:29,792] Step 3: Enter to 'Confirm Password' textbox
<br>]]>
    </line>
    <line>
      <![CDATA[[INFO ] [2022-06-13 02:57:30,064] Step 3: Click to 'Change password' button
<br>]]>
    </line>
    <line>
      <![CDATA[[INFO ] [2022-06-13 02:57:30,745] Step 3: Close 'Password was changed'
<br>]]>
    </line>
    <line>
      <![CDATA[[INFO ] [2022-06-13 02:57:30,960] Step 3: Click to 'Log out' header menu
<br>]]>
    </line>
    <line>
      <![CDATA[[INFO ] [2022-06-13 02:57:31,785] Step 1: Click to 'Login' link on header menu
<br>]]>
    </line>
    <line>
      <![CDATA[[INFO ] [2022-06-13 02:57:32,446] Step 4: Enter  email to 'Email' textbox
<br>]]>
    </line>
    <line>
      <![CDATA[[INFO ] [2022-06-13 02:57:32,736] Step 5: Enter old password to 'Password' textbox
<br>]]>
    </line>
    <line>
      <![CDATA[[INFO ] [2022-06-13 02:57:32,995] Step 6: Click to 'Login' button 
<br>]]>
    </line>
    <line>
      <![CDATA[[INFO ] [2022-06-13 02:57:33,638] Step 7: Verify error message 
<br>]]>
    </line>
    <line>
      <![CDATA[[INFO ] [2022-06-13 02:57:33,743]  -------------------------- PASSED -------------------------- 
<br>]]>
    </line>
    <line>
      <![CDATA[[INFO ] [2022-06-13 02:57:33,743] Step 3: Refesh login page
<br>]]>
    </line>
    <line>
      <![CDATA[[INFO ] [2022-06-13 02:57:33,787] Step 4: Enter  email to 'Email' textbox
<br>]]>
    </line>
    <line>
      <![CDATA[[INFO ] [2022-06-13 02:57:34,491] Step 5: Enter new password to 'Password' textbox
<br>]]>
    </line>
    <line>
      <![CDATA[[INFO ] [2022-06-13 02:57:34,751] Step 6: Click to 'Login' button 
<br>]]>
    </line>
    <line>
      <![CDATA[[INFO ] [2022-06-13 02:57:35,713] Step 7: Verify 'Log out' header link button display  
<br>]]>
    </line>
    <line>
      <![CDATA[[INFO ] [2022-06-13 02:57:35,803]  -------------------------- PASSED -------------------------- 
<br>]]>
    </line>
    <line>
      <![CDATA[[INFO ] [2022-06-13 02:57:35,808] Step 3: Click to product by text
<br>]]>
    </line>
    <line>
      <![CDATA[[INFO ] [2022-06-13 02:57:37,307] Step 3: Click to 'Add Your Review' link
<br>]]>
    </line>
    <line>
      <![CDATA[[INFO ] [2022-06-13 02:57:38,201] Step 3: Enter to 'Review title' textbox
<br>]]>
    </line>
    <line>
      <![CDATA[[INFO ] [2022-06-13 02:57:38,493] Step 3: Enter to 'Review title' textbox
<br>]]>
    </line>
    <line>
      <![CDATA[[INFO ] [2022-06-13 02:57:38,762] Step 3: Click to 'Review' radio
<br>]]>
    </line>
    <line>
      <![CDATA[[INFO ] [2022-06-13 02:57:38,879] Step 6: Click to 'Submit' button 
<br>]]>
    </line>
    <line>
      <![CDATA[[INFO ] [2022-06-13 02:57:39,635] Step 3: Click to 'My Account' header menu
<br>]]>
    </line>
    <line>
      <![CDATA[[INFO ] [2022-06-13 02:57:40,338] Step 3: Click to 'My product reviews' sub menu
<br>]]>
    </line>
    <line>
      <![CDATA[[INFO ] [2022-06-13 02:57:41,200] Step 7: Verify review display  
<br>]]>
    </line>
    <line>
      <![CDATA[[INFO ] [2022-06-13 02:57:41,381]  -------------------------- PASSED -------------------------- 
<br>]]>
    </line>
    <line>
      <![CDATA[[INFO ] [2022-06-13 02:57:44,498] Open Home Page
<br>]]>
    </line>
    <line>
      <![CDATA[[INFO ] [2022-06-13 02:57:44,498] Step 1: Hover to header menu
<br>]]>
    </line>
    <line>
      <![CDATA[[INFO ] [2022-06-13 02:57:44,789] Step 1: Open 'Note Book' submenu
<br>]]>
    </line>
    <line>
      <![CDATA[[INFO ] [2022-06-13 02:57:45,831] Step 1: Click to Sort A to Z
<br>]]>
    </line>
    <line>
      <![CDATA[[INFO ] [2022-06-13 02:57:46,669]  -------------------------- PASSED -------------------------- 
<br>]]>
    </line>
    <line>
      <![CDATA[[INFO ] [2022-06-13 02:57:46,670] Step 2: Click to Sort A to Z
<br>]]>
    </line>
    <line>
      <![CDATA[[INFO ] [2022-06-13 02:57:47,206]  -------------------------- PASSED -------------------------- 
<br>]]>
    </line>
    <line>
      <![CDATA[[INFO ] [2022-06-13 02:57:47,213] Step 1: Click to Sort Z to A
<br>]]>
    </line>
    <line>
      <![CDATA[[INFO ] [2022-06-13 02:57:48,037]  -------------------------- PASSED -------------------------- 
<br>]]>
    </line>
    <line>
      <![CDATA[[INFO ] [2022-06-13 02:57:48,037] Step 2: Click to Sort Z to A
<br>]]>
    </line>
    <line>
      <![CDATA[[INFO ] [2022-06-13 02:57:48,556]  -------------------------- FAILED -------------------------- 
<br>]]>
    </line>
    <line>
      <![CDATA[<br><a target="_blank" href="file:///E:\Automation Testing\04. Maven Automation Framework\ReportNGScreenShots\TC_02_Sort_Name_Z_To_A_13_06_2022_02_57_48.png"><img src="file:///E:\Automation Testing\04. Maven Automation Framework\ReportNGScreenShots\TC_02_Sort_Name_Z_To_A_13_06_2022_02_57_48.png" height='100' width='150'/> </a></br>]]>
    </line>
    <line>
      <![CDATA[[INFO ] [2022-06-13 02:57:48,854] Step 1: Click to Sort Low to High
<br>]]>
    </line>
    <line>
      <![CDATA[[INFO ] [2022-06-13 02:57:49,643]  -------------------------- PASSED -------------------------- 
<br>]]>
    </line>
    <line>
      <![CDATA[[INFO ] [2022-06-13 02:57:49,644] Step 2: Click to Sort Low to High
<br>]]>
    </line>
    <line>
      <![CDATA[[INFO ] [2022-06-13 02:57:50,209]  -------------------------- PASSED -------------------------- 
<br>]]>
    </line>
    <line>
      <![CDATA[[INFO ] [2022-06-13 02:57:50,214] Step 1: Click to Sort High to Low
<br>]]>
    </line>
    <line>
      <![CDATA[[INFO ] [2022-06-13 02:57:51,024]  -------------------------- PASSED -------------------------- 
<br>]]>
    </line>
    <line>
      <![CDATA[[INFO ] [2022-06-13 02:57:51,024] Step 2: Click to Sort High to High
<br>]]>
    </line>
    <line>
      <![CDATA[[INFO ] [2022-06-13 02:57:51,753]  -------------------------- PASSED -------------------------- 
<br>]]>
    </line>
    <line>
      <![CDATA[[INFO ] [2022-06-13 02:57:51,759] Step 1: Click to Sort A to Z
<br>]]>
    </line>
    <line>
      <![CDATA[[INFO ] [2022-06-13 02:57:52,706]  -------------------------- PASSED -------------------------- 
<br>]]>
    </line>
    <line>
      <![CDATA[[INFO ] [2022-06-13 02:57:52,706] Step 2: Click to Sort High to High
<br>]]>
    </line>
    <line>
      <![CDATA[[INFO ] [2022-06-13 02:57:53,163]  -------------------------- PASSED -------------------------- 
<br>]]>
    </line>
    <line>
      <![CDATA[[INFO ] [2022-06-13 02:57:53,163] Step 2: Click to Sort High to High
<br>]]>
    </line>
    <line>
      <![CDATA[[INFO ] [2022-06-13 02:57:53,267]  -------------------------- PASSED -------------------------- 
<br>]]>
    </line>
    <line>
      <![CDATA[[INFO ] [2022-06-13 02:57:53,267] Step 2: Click to Sort High to High
<br>]]>
    </line>
    <line>
      <![CDATA[[INFO ] [2022-06-13 02:57:54,089]  -------------------------- PASSED -------------------------- 
<br>]]>
    </line>
    <line>
      <![CDATA[[INFO ] [2022-06-13 02:57:54,089] Step 2: Click to Sort High to High
<br>]]>
    </line>
    <line>
      <![CDATA[[INFO ] [2022-06-13 02:57:54,214]  -------------------------- PASSED -------------------------- 
<br>]]>
    </line>
    <line>
      <![CDATA[[INFO ] [2022-06-13 02:57:54,221] Step 2: Click to Sort High to High
<br>]]>
    </line>
    <line>
      <![CDATA[[INFO ] [2022-06-13 02:57:55,077]  -------------------------- PASSED -------------------------- 
<br>]]>
    </line>
    <line>
      <![CDATA[[INFO ] [2022-06-13 02:57:55,077] Step 1: Click to Sort A to Z
<br>]]>
    </line>
    <line>
      <![CDATA[[INFO ] [2022-06-13 02:57:55,984]  -------------------------- PASSED -------------------------- 
<br>]]>
    </line>
    <line>
      <![CDATA[[INFO ] [2022-06-13 02:57:55,984] Step 2: Click to Sort High to High
<br>]]>
    </line>
    <line>
      <![CDATA[[INFO ] [2022-06-13 02:57:56,520]  -------------------------- PASSED -------------------------- 
<br>]]>
    </line>
    <line>
      <![CDATA[[INFO ] [2022-06-13 02:57:56,520] Step 2: Click to Sort High to High
<br>]]>
    </line>
    <line>
      <![CDATA[[INFO ] [2022-06-13 02:58:01,618]  -------------------------- PASSED -------------------------- 
<br>]]>
    </line>
    <line>
      <![CDATA[[INFO ] [2022-06-13 02:58:01,623] Step 1: Click to Sort A to Z
<br>]]>
    </line>
    <line>
      <![CDATA[[INFO ] [2022-06-13 02:58:02,417]  -------------------------- PASSED -------------------------- 
<br>]]>
    </line>
    <line>
      <![CDATA[[INFO ] [2022-06-13 02:58:02,418] Step 2: Click to Sort High to High
<br>]]>
    </line>
    <line>
      <![CDATA[[INFO ] [2022-06-13 02:58:02,833]  -------------------------- PASSED -------------------------- 
<br>]]>
    </line>
    <line>
      <![CDATA[[INFO ] [2022-06-13 02:58:02,833] Step 2: Click to Sort High to High
<br>]]>
    </line>
    <line>
      <![CDATA[[INFO ] [2022-06-13 02:58:07,895]  -------------------------- PASSED -------------------------- 
<br>]]>
    </line>
  </reporter-output>
  <suite started-at="2022-06-13T09:56:23Z" name="NopCommerce User" finished-at="2022-06-13T09:58:07Z" duration-ms="104266">
    <groups>
    </groups>
    <test started-at="2022-06-13T09:56:23Z" name="Run on Chrome desktop" finished-at="2022-06-13T09:57:22Z" duration-ms="59313">
      <class name="com.nopcommerce.user.Account_User_Nopcommerce">
        <test-method is-config="true" signature="beforeClass(java.lang.String, java.lang.String, java.lang.String, java.lang.String)[pri:0, instance:com.nopcommerce.user.Account_User_Nopcommerce@38320e34]" started-at="2022-06-13T09:56:42Z" name="beforeClass" finished-at="2022-06-13T09:56:46Z" duration-ms="3855" status="PASS">
          <params>
            <param index="0">
              <value>
                <![CDATA[chrome]]>
              </value>
            </param>
            <param index="1">
              <value>
                <![CDATA[https://demo.nopcommerce.com/]]>
              </value>
            </param>
            <param index="2">
              <value>
                <![CDATA[192.168.1.19]]>
              </value>
            </param>
            <param index="3">
              <value>
                <![CDATA[9999]]>
              </value>
            </param>
          </params>
          <reporter-output>
            <line>
              <![CDATA[[INFO ] [2022-06-13 02:56:44,919] Open Home Page
<br>]]>
            </line>
            <line>
              <![CDATA[[INFO ] [2022-06-13 02:56:44,919] Step 1: Click to 'Login' link on header menu
<br>]]>
            </line>
            <line>
              <![CDATA[[INFO ] [2022-06-13 02:56:45,384] Step 4: Enter  email to email textbox
<br>]]>
            </line>
            <line>
              <![CDATA[[INFO ] [2022-06-13 02:56:45,526] Step 5: Enter password to 'Password' textbox
<br>]]>
            </line>
            <line>
              <![CDATA[[INFO ] [2022-06-13 02:56:45,662] Step 6: Click to 'Login' button 
<br>]]>
            </line>
          </reporter-output>
        </test-method> <!-- beforeClass -->
        <test-method signature="TC_01_Account_Customer_Information()[pri:0, instance:com.nopcommerce.user.Account_User_Nopcommerce@38320e34]" started-at="2022-06-13T09:56:46Z" name="TC_01_Account_Customer_Information" finished-at="2022-06-13T09:56:49Z" duration-ms="3591" status="PASS">
          <reporter-output>
            <line>
              <![CDATA[[INFO ] [2022-06-13 02:56:46,323] Step 3: Click to 'My Account' header menu
<br>]]>
            </line>
            <line>
              <![CDATA[[INFO ] [2022-06-13 02:56:46,796] Step 3: Click to 'Customer Info' sub menu
<br>]]>
            </line>
            <line>
              <![CDATA[[INFO ] [2022-06-13 02:56:47,233] Step 3: Click to 'Gender' radio button
<br>]]>
            </line>
            <line>
              <![CDATA[[INFO ] [2022-06-13 02:56:47,348] Step 3: Enter to 'First Name' textbox
<br>]]>
            </line>
            <line>
              <![CDATA[[INFO ] [2022-06-13 02:56:47,479] Step 3: Enter to 'Last Name' textbox
<br>]]>
            </line>
            <line>
              <![CDATA[[INFO ] [2022-06-13 02:56:47,618] Step 3: Sellect 'Day' dropdown
<br>]]>
            </line>
            <line>
              <![CDATA[[INFO ] [2022-06-13 02:56:47,733] Step 3: Sellect 'Month' dropdown
<br>]]>
            </line>
            <line>
              <![CDATA[[INFO ] [2022-06-13 02:56:47,841] Step 3: Sellect 'Year' dropdown
<br>]]>
            </line>
            <line>
              <![CDATA[[INFO ] [2022-06-13 02:56:47,965] Step 3: Enter to 'Email' textbox
<br>]]>
            </line>
            <line>
              <![CDATA[[INFO ] [2022-06-13 02:56:48,106] Step 3: Enter to 'Company Name' textbox
<br>]]>
            </line>
            <line>
              <![CDATA[[INFO ] [2022-06-13 02:56:48,259] Step 3: Click to 'Save' button
<br>]]>
            </line>
            <line>
              <![CDATA[[INFO ] [2022-06-13 02:56:48,966] Step 3: Verify 'First Name' textbox
<br>]]>
            </line>
            <line>
              <![CDATA[[INFO ] [2022-06-13 02:56:49,026]  -------------------------- PASSED -------------------------- 
<br>]]>
            </line>
            <line>
              <![CDATA[[INFO ] [2022-06-13 02:56:49,026] Step 3: Verify 'Last Name' textbox
<br>]]>
            </line>
            <line>
              <![CDATA[[INFO ] [2022-06-13 02:56:49,088]  -------------------------- PASSED -------------------------- 
<br>]]>
            </line>
            <line>
              <![CDATA[[INFO ] [2022-06-13 02:56:49,088] Step 3: Verify 'Day' dropdown
<br>]]>
            </line>
            <line>
              <![CDATA[[INFO ] [2022-06-13 02:56:49,191]  -------------------------- PASSED -------------------------- 
<br>]]>
            </line>
            <line>
              <![CDATA[[INFO ] [2022-06-13 02:56:49,191] Step 3: Verify 'Month' dropdown
<br>]]>
            </line>
            <line>
              <![CDATA[[INFO ] [2022-06-13 02:56:49,284]  -------------------------- PASSED -------------------------- 
<br>]]>
            </line>
            <line>
              <![CDATA[[INFO ] [2022-06-13 02:56:49,284] Step 3: Verify 'Year' dropdown
<br>]]>
            </line>
            <line>
              <![CDATA[[INFO ] [2022-06-13 02:56:49,784]  -------------------------- PASSED -------------------------- 
<br>]]>
            </line>
            <line>
              <![CDATA[[INFO ] [2022-06-13 02:56:49,784] Step 3: Verify 'Email' textbox
<br>]]>
            </line>
            <line>
              <![CDATA[[INFO ] [2022-06-13 02:56:49,839]  -------------------------- PASSED -------------------------- 
<br>]]>
            </line>
            <line>
              <![CDATA[[INFO ] [2022-06-13 02:56:49,839] Step 3: Verify 'Company' textbox
<br>]]>
            </line>
            <line>
              <![CDATA[[INFO ] [2022-06-13 02:56:49,912]  -------------------------- PASSED -------------------------- 
<br>]]>
            </line>
          </reporter-output>
        </test-method> <!-- TC_01_Account_Customer_Information -->
        <test-method signature="TC_02_Account_Address()[pri:0, instance:com.nopcommerce.user.Account_User_Nopcommerce@38320e34]" started-at="2022-06-13T09:56:49Z" name="TC_02_Account_Address" finished-at="2022-06-13T09:56:53Z" duration-ms="3807" status="PASS">
          <reporter-output>
            <line>
              <![CDATA[[INFO ] [2022-06-13 02:56:49,915] Step 3: Click to 'Address' sub menu
<br>]]>
            </line>
            <line>
              <![CDATA[[INFO ] [2022-06-13 02:56:50,423] Step 3: Click to 'Add New' button
<br>]]>
            </line>
            <line>
              <![CDATA[[INFO ] [2022-06-13 02:56:50,979] Step 3: Enter to 'First Name' textbox
<br>]]>
            </line>
            <line>
              <![CDATA[[INFO ] [2022-06-13 02:56:51,103] Step 3: Enter to 'Last Name' textbox
<br>]]>
            </line>
            <line>
              <![CDATA[[INFO ] [2022-06-13 02:56:51,245] Step 3: Enter to 'Email' textbox
<br>]]>
            </line>
            <line>
              <![CDATA[[INFO ] [2022-06-13 02:56:51,388] Step 3: Enter to 'Company' textbox
<br>]]>
            </line>
            <line>
              <![CDATA[[INFO ] [2022-06-13 02:56:51,525] Step 3: Select 'Country' dropdown
<br>]]>
            </line>
            <line>
              <![CDATA[[INFO ] [2022-06-13 02:56:51,632] Step 3: Select 'State' dropdown
<br>]]>
            </line>
            <line>
              <![CDATA[[INFO ] [2022-06-13 02:56:51,902] Step 3: Enter to 'City' textbox
<br>]]>
            </line>
            <line>
              <![CDATA[[INFO ] [2022-06-13 02:56:52,063] Step 3: Enter to 'Address 1' textbox
<br>]]>
            </line>
            <line>
              <![CDATA[[INFO ] [2022-06-13 02:56:52,204] Step 3: Enter to 'Address 2' textbox
<br>]]>
            </line>
            <line>
              <![CDATA[[INFO ] [2022-06-13 02:56:52,387] Step 3: Enter to 'Zip / postal code' textbox
<br>]]>
            </line>
            <line>
              <![CDATA[[INFO ] [2022-06-13 02:56:52,510] Step 3: Enter to 'Phone number' textbox
<br>]]>
            </line>
            <line>
              <![CDATA[[INFO ] [2022-06-13 02:56:52,635] Step 3: Enter to 'Fax number' textbox
<br>]]>
            </line>
            <line>
              <![CDATA[[INFO ] [2022-06-13 02:56:52,774] Step 3: Click to 'Save' button
<br>]]>
            </line>
            <line>
              <![CDATA[[INFO ] [2022-06-13 02:56:53,443] Step 3: Verify name
<br>]]>
            </line>
            <line>
              <![CDATA[[INFO ] [2022-06-13 02:56:53,466]  -------------------------- PASSED -------------------------- 
<br>]]>
            </line>
            <line>
              <![CDATA[[INFO ] [2022-06-13 02:56:53,466] Step 3: Verify 'Email' textbox
<br>]]>
            </line>
            <line>
              <![CDATA[[INFO ] [2022-06-13 02:56:53,497]  -------------------------- PASSED -------------------------- 
<br>]]>
            </line>
            <line>
              <![CDATA[[INFO ] [2022-06-13 02:56:53,497] Step 3: Verify 'Company' textbox
<br>]]>
            </line>
            <line>
              <![CDATA[[INFO ] [2022-06-13 02:56:53,528]  -------------------------- PASSED -------------------------- 
<br>]]>
            </line>
            <line>
              <![CDATA[[INFO ] [2022-06-13 02:56:53,528] Step 3: Verify 'Country' dropdown
<br>]]>
            </line>
            <line>
              <![CDATA[[INFO ] [2022-06-13 02:56:53,559]  -------------------------- PASSED -------------------------- 
<br>]]>
            </line>
            <line>
              <![CDATA[[INFO ] [2022-06-13 02:56:53,559] Step 3: Verify 'Address 1' textbox
<br>]]>
            </line>
            <line>
              <![CDATA[[INFO ] [2022-06-13 02:56:53,591]  -------------------------- PASSED -------------------------- 
<br>]]>
            </line>
            <line>
              <![CDATA[[INFO ] [2022-06-13 02:56:53,591] Step 3: Verify 'Address 2' textbox
<br>]]>
            </line>
            <line>
              <![CDATA[[INFO ] [2022-06-13 02:56:53,623]  -------------------------- PASSED -------------------------- 
<br>]]>
            </line>
            <line>
              <![CDATA[[INFO ] [2022-06-13 02:56:53,623] Step 3: Verify 'Zip / postal code' textbox
<br>]]>
            </line>
            <line>
              <![CDATA[[INFO ] [2022-06-13 02:56:53,656]  -------------------------- PASSED -------------------------- 
<br>]]>
            </line>
            <line>
              <![CDATA[[INFO ] [2022-06-13 02:56:53,656] Step 3: Verify 'Phone number' textbox
<br>]]>
            </line>
            <line>
              <![CDATA[[INFO ] [2022-06-13 02:56:53,687]  -------------------------- PASSED -------------------------- 
<br>]]>
            </line>
            <line>
              <![CDATA[[INFO ] [2022-06-13 02:56:53,688] Step 3: Verify 'Fax number' textbox
<br>]]>
            </line>
            <line>
              <![CDATA[[INFO ] [2022-06-13 02:56:53,720]  -------------------------- PASSED -------------------------- 
<br>]]>
            </line>
          </reporter-output>
        </test-method> <!-- TC_02_Account_Address -->
        <test-method signature="TC_03_Account_Change_Password()[pri:0, instance:com.nopcommerce.user.Account_User_Nopcommerce@38320e34]" started-at="2022-06-13T09:56:53Z" name="TC_03_Account_Change_Password" finished-at="2022-06-13T09:56:58Z" duration-ms="4487" status="PASS">
          <reporter-output>
            <line>
              <![CDATA[[INFO ] [2022-06-13 02:56:53,722] Step 3: Click to 'Change password' sub menu
<br>]]>
            </line>
            <line>
              <![CDATA[[INFO ] [2022-06-13 02:56:54,187] Step 3: Enter to 'Old Password' textbox
<br>]]>
            </line>
            <line>
              <![CDATA[[INFO ] [2022-06-13 02:56:54,312] Step 3: Enter to 'New Passowrd' textbox
<br>]]>
            </line>
            <line>
              <![CDATA[[INFO ] [2022-06-13 02:56:54,437] Step 3: Enter to 'Confirm Password' textbox
<br>]]>
            </line>
            <line>
              <![CDATA[[INFO ] [2022-06-13 02:56:54,563] Step 3: Click to 'Change password' button
<br>]]>
            </line>
            <line>
              <![CDATA[[INFO ] [2022-06-13 02:56:54,977] Step 3: Close 'Password was changed'
<br>]]>
            </line>
            <line>
              <![CDATA[[INFO ] [2022-06-13 02:56:55,057] Step 3: Click to 'Log out' header menu
<br>]]>
            </line>
            <line>
              <![CDATA[[INFO ] [2022-06-13 02:56:55,728] Step 1: Click to 'Login' link on header menu
<br>]]>
            </line>
            <line>
              <![CDATA[[INFO ] [2022-06-13 02:56:56,169] Step 4: Enter  email to 'Email' textbox
<br>]]>
            </line>
            <line>
              <![CDATA[[INFO ] [2022-06-13 02:56:56,307] Step 5: Enter old password to 'Password' textbox
<br>]]>
            </line>
            <line>
              <![CDATA[[INFO ] [2022-06-13 02:56:56,445] Step 6: Click to 'Login' button 
<br>]]>
            </line>
            <line>
              <![CDATA[[INFO ] [2022-06-13 02:56:56,827] Step 7: Verify error message 
<br>]]>
            </line>
            <line>
              <![CDATA[[INFO ] [2022-06-13 02:56:56,858]  -------------------------- PASSED -------------------------- 
<br>]]>
            </line>
            <line>
              <![CDATA[[INFO ] [2022-06-13 02:56:56,858] Step 3: Refesh login page
<br>]]>
            </line>
            <line>
              <![CDATA[[INFO ] [2022-06-13 02:56:56,871] Step 4: Enter  email to 'Email' textbox
<br>]]>
            </line>
            <line>
              <![CDATA[[INFO ] [2022-06-13 02:56:57,346] Step 5: Enter new password to 'Password' textbox
<br>]]>
            </line>
            <line>
              <![CDATA[[INFO ] [2022-06-13 02:56:57,467] Step 6: Click to 'Login' button 
<br>]]>
            </line>
            <line>
              <![CDATA[[INFO ] [2022-06-13 02:56:58,178] Step 7: Verify 'Log out' header link button display  
<br>]]>
            </line>
            <line>
              <![CDATA[[INFO ] [2022-06-13 02:56:58,208]  -------------------------- PASSED -------------------------- 
<br>]]>
            </line>
          </reporter-output>
        </test-method> <!-- TC_03_Account_Change_Password -->
        <test-method signature="TC_04_Account_My_Product_Review()[pri:0, instance:com.nopcommerce.user.Account_User_Nopcommerce@38320e34]" started-at="2022-06-13T09:56:58Z" name="TC_04_Account_My_Product_Review" finished-at="2022-06-13T09:57:02Z" duration-ms="4164" status="PASS">
          <reporter-output>
            <line>
              <![CDATA[[INFO ] [2022-06-13 02:56:58,210] Step 3: Click to product by text
<br>]]>
            </line>
            <line>
              <![CDATA[[INFO ] [2022-06-13 02:57:00,151] Step 3: Click to 'Add Your Review' link
<br>]]>
            </line>
            <line>
              <![CDATA[[INFO ] [2022-06-13 02:57:00,663] Step 3: Enter to 'Review title' textbox
<br>]]>
            </line>
            <line>
              <![CDATA[[INFO ] [2022-06-13 02:57:00,805] Step 3: Enter to 'Review title' textbox
<br>]]>
            </line>
            <line>
              <![CDATA[[INFO ] [2022-06-13 02:57:00,944] Step 3: Click to 'Review' radio
<br>]]>
            </line>
            <line>
              <![CDATA[[INFO ] [2022-06-13 02:57:00,987] Step 6: Click to 'Submit' button 
<br>]]>
            </line>
            <line>
              <![CDATA[[INFO ] [2022-06-13 02:57:01,422] Step 3: Click to 'My Account' header menu
<br>]]>
            </line>
            <line>
              <![CDATA[[INFO ] [2022-06-13 02:57:01,845] Step 3: Click to 'My product reviews' sub menu
<br>]]>
            </line>
            <line>
              <![CDATA[[INFO ] [2022-06-13 02:57:02,307] Step 7: Verify review display  
<br>]]>
            </line>
            <line>
              <![CDATA[[INFO ] [2022-06-13 02:57:02,372]  -------------------------- PASSED -------------------------- 
<br>]]>
            </line>
          </reporter-output>
        </test-method> <!-- TC_04_Account_My_Product_Review -->
        <test-method is-config="true" signature="afterclass()[pri:0, instance:com.nopcommerce.user.Account_User_Nopcommerce@38320e34]" started-at="2022-06-13T09:57:02Z" name="afterclass" finished-at="2022-06-13T09:57:02Z" duration-ms="38" status="PASS">
          <reporter-output>
          </reporter-output>
        </test-method> <!-- afterclass -->
      </class> <!-- com.nopcommerce.user.Account_User_Nopcommerce -->
      <class name="com.nopcommerce.user.Register_User_Nopcommerce">
        <test-method is-config="true" signature="deleteAllFilesInReportNGScreenshot()[pri:0, instance:com.nopcommerce.user.Register_User_Nopcommerce@4c48fe92]" started-at="2022-06-13T09:56:23Z" name="deleteAllFilesInReportNGScreenshot" finished-at="2022-06-13T09:56:23Z" duration-ms="23" status="PASS">
          <reporter-output>
          </reporter-output>
        </test-method> <!-- deleteAllFilesInReportNGScreenshot -->
        <test-method is-config="true" signature="beforeClass(java.lang.String, java.lang.String, java.lang.String, java.lang.String)[pri:0, instance:com.nopcommerce.user.Register_User_Nopcommerce@4c48fe92]" started-at="2022-06-13T09:56:23Z" name="beforeClass" finished-at="2022-06-13T09:56:26Z" duration-ms="2927" status="PASS">
          <params>
            <param index="0">
              <value>
                <![CDATA[chrome]]>
              </value>
            </param>
            <param index="1">
              <value>
                <![CDATA[https://demo.nopcommerce.com/]]>
              </value>
            </param>
            <param index="2">
              <value>
                <![CDATA[192.168.1.19]]>
              </value>
            </param>
            <param index="3">
              <value>
                <![CDATA[9999]]>
              </value>
            </param>
          </params>
          <reporter-output>
            <line>
              <![CDATA[[INFO ] [2022-06-13 02:56:26,640] Open Home Page
<br>]]>
            </line>
          </reporter-output>
        </test-method> <!-- beforeClass -->
        <test-method signature="TC_01_Register_Empty_Data()[pri:0, instance:com.nopcommerce.user.Register_User_Nopcommerce@4c48fe92]" started-at="2022-06-13T09:56:26Z" name="TC_01_Register_Empty_Data" finished-at="2022-06-13T09:56:27Z" duration-ms="870" status="PASS">
          <reporter-output>
            <line>
              <![CDATA[[INFO ] [2022-06-13 02:56:26,709] Step 1: Click to 'Register' link on header menu
<br>]]>
            </line>
            <line>
              <![CDATA[[INFO ] [2022-06-13 02:56:27,243] Step 2: Click to 'Register' button
<br>]]>
            </line>
            <line>
              <![CDATA[[INFO ] [2022-06-13 02:56:27,347] Step 3: Verify error 'First Name' message
<br>]]>
            </line>
            <line>
              <![CDATA[[INFO ] [2022-06-13 02:56:27,380]  -------------------------- PASSED -------------------------- 
<br>]]>
            </line>
            <line>
              <![CDATA[[INFO ] [2022-06-13 02:56:27,382] Step 4: Verify error 'Last Name' message
<br>]]>
            </line>
            <line>
              <![CDATA[[INFO ] [2022-06-13 02:56:27,410]  -------------------------- PASSED -------------------------- 
<br>]]>
            </line>
            <line>
              <![CDATA[[INFO ] [2022-06-13 02:56:27,410] Step 5: Verify error 'Email' message
<br>]]>
            </line>
            <line>
              <![CDATA[[INFO ] [2022-06-13 02:56:27,441]  -------------------------- PASSED -------------------------- 
<br>]]>
            </line>
            <line>
              <![CDATA[[INFO ] [2022-06-13 02:56:27,441] Step 6: Verify error 'Password' message
<br>]]>
            </line>
            <line>
              <![CDATA[[INFO ] [2022-06-13 02:56:27,473]  -------------------------- PASSED -------------------------- 
<br>]]>
            </line>
            <line>
              <![CDATA[[INFO ] [2022-06-13 02:56:27,473] Step 7: Verify error 'Confirm Password' message
<br>]]>
            </line>
            <line>
              <![CDATA[[INFO ] [2022-06-13 02:56:27,521]  -------------------------- PASSED -------------------------- 
<br>]]>
            </line>
          </reporter-output>
        </test-method> <!-- TC_01_Register_Empty_Data -->
        <test-method signature="TC_02_Register_Invalid_Email()[pri:0, instance:com.nopcommerce.user.Register_User_Nopcommerce@4c48fe92]" started-at="2022-06-13T09:56:27Z" name="TC_02_Register_Invalid_Email" finished-at="2022-06-13T09:56:28Z" duration-ms="1228" status="PASS">
          <reporter-output>
            <line>
              <![CDATA[[INFO ] [2022-06-13 02:56:27,598] Step 8: Refesh 'Register' 
<br>]]>
            </line>
            <line>
              <![CDATA[[INFO ] [2022-06-13 02:56:27,966] Step 9: Enter to 'First Name' textbox
<br>]]>
            </line>
            <line>
              <![CDATA[[INFO ] [2022-06-13 02:56:28,100] Step 10: Enter to 'Last Name' textbox
<br>]]>
            </line>
            <line>
              <![CDATA[[INFO ] [2022-06-13 02:56:28,240] Step 11: Enter to 'Email' textbox
<br>]]>
            </line>
            <line>
              <![CDATA[[INFO ] [2022-06-13 02:56:28,363] Step 12: Enter to 'Passowrd' textbox
<br>]]>
            </line>
            <line>
              <![CDATA[[INFO ] [2022-06-13 02:56:28,489] Step 13: Enter to 'Confirm Password' textbox
<br>]]>
            </line>
            <line>
              <![CDATA[[INFO ] [2022-06-13 02:56:28,688] Step 14: Click to 'Register' button 
<br>]]>
            </line>
            <line>
              <![CDATA[[INFO ] [2022-06-13 02:56:28,793] Step 15: Verify error 'Email' message
<br>]]>
            </line>
            <line>
              <![CDATA[[INFO ] [2022-06-13 02:56:28,823]  -------------------------- PASSED -------------------------- 
<br>]]>
            </line>
          </reporter-output>
        </test-method> <!-- TC_02_Register_Invalid_Email -->
        <test-method signature="TC_03_Register_Valid_Information()[pri:0, instance:com.nopcommerce.user.Register_User_Nopcommerce@4c48fe92]" started-at="2022-06-13T09:56:28Z" name="TC_03_Register_Valid_Information" finished-at="2022-06-13T09:56:31Z" duration-ms="2470" status="PASS">
          <reporter-output>
            <line>
              <![CDATA[[INFO ] [2022-06-13 02:56:28,827] Step 16: Refesh 'Register' 
<br>]]>
            </line>
            <line>
              <![CDATA[[INFO ] [2022-06-13 02:56:28,836] Step 17: Enter to 'First Name' textbox
<br>]]>
            </line>
            <line>
              <![CDATA[[INFO ] [2022-06-13 02:56:29,278] Step 18: Enter to 'Last Name' textbox
<br>]]>
            </line>
            <line>
              <![CDATA[[INFO ] [2022-06-13 02:56:29,407] Step 19: Enter to 'Email' textbox
<br>]]>
            </line>
            <line>
              <![CDATA[[INFO ] [2022-06-13 02:56:29,547] Step 20: Enter to 'Passowrd' textbox
<br>]]>
            </line>
            <line>
              <![CDATA[[INFO ] [2022-06-13 02:56:29,681] Step 21: Enter to 'Confirm Password' textbox
<br>]]>
            </line>
            <line>
              <![CDATA[[INFO ] [2022-06-13 02:56:29,803] Step 22: Click to 'Register' button 
<br>]]>
            </line>
            <line>
              <![CDATA[[INFO ] [2022-06-13 02:56:30,560] Step 23: Verify Success Message
<br>]]>
            </line>
            <line>
              <![CDATA[[INFO ] [2022-06-13 02:56:30,587]  -------------------------- PASSED -------------------------- 
<br>]]>
            </line>
            <line>
              <![CDATA[[INFO ] [2022-06-13 02:56:30,587] Step 24: Click to 'Log out' button
<br>]]>
            </line>
          </reporter-output>
        </test-method> <!-- TC_03_Register_Valid_Information -->
        <test-method signature="TC_04_Register_Short_Password()[pri:0, instance:com.nopcommerce.user.Register_User_Nopcommerce@4c48fe92]" started-at="2022-06-13T09:56:31Z" name="TC_04_Register_Short_Password" finished-at="2022-06-13T09:56:32Z" duration-ms="1590" status="PASS">
          <reporter-output>
            <line>
              <![CDATA[[INFO ] [2022-06-13 02:56:31,299] Step 25: Refesh 'Register' 
<br>]]>
            </line>
            <line>
              <![CDATA[[INFO ] [2022-06-13 02:56:32,069] Step 26: Enter to 'First Name' textbox
<br>]]>
            </line>
            <line>
              <![CDATA[[INFO ] [2022-06-13 02:56:32,214] Step 27: Enter to 'Last Name' textbox
<br>]]>
            </line>
            <line>
              <![CDATA[[INFO ] [2022-06-13 02:56:32,353] Step 28: Enter to 'Email' textbox
<br>]]>
            </line>
            <line>
              <![CDATA[[INFO ] [2022-06-13 02:56:32,481] Step 29: Enter to 'Passowrd' textbox
<br>]]>
            </line>
            <line>
              <![CDATA[[INFO ] [2022-06-13 02:56:32,638] Step 30: Enter to 'Confirm Password' textbox
<br>]]>
            </line>
            <line>
[...]
<br>]]>
            </line>
            <line>
              <![CDATA[[INFO ] [2022-06-13 02:57:47,206]  -------------------------- PASSED -------------------------- 
<br>]]>
            </line>
          </reporter-output>
        </test-method> <!-- TC_01_Sort_Name_A_To_Z -->
        <test-method signature="TC_02_Sort_Name_Z_To_A()[pri:0, instance:com.nopcommerce.user.Product_User_Nopcommerce@47b179d7]" started-at="2022-06-13T09:57:47Z" name="TC_02_Sort_Name_Z_To_A" finished-at="2022-06-13T09:57:48Z" duration-ms="1347" status="FAIL">
          <exception class="java.lang.AssertionError">
            <message>
              <![CDATA[expected [true] but found [false]]]>
            </message>
            <full-stacktrace>
              <![CDATA[java.lang.AssertionError: expected [true] but found [false]
at org.testng.Assert.fail(Assert.java:96)
at org.testng.Assert.failNotEquals(Assert.java:776)
at org.testng.Assert.assertTrue(Assert.java:44)
at org.testng.Assert.assertTrue(Assert.java:54)
at commons.BaseTest.checkTrue(BaseTest.java:124)
at commons.BaseTest.verifyTrue(BaseTest.java:136)
at com.nopcommerce.user.Product_User_Nopcommerce.TC_02_Sort_Name_Z_To_A(Product_User_Nopcommerce.java:56)
at java.base/jdk.internal.reflect.NativeMethodAccessorImpl.invoke0(Native Method)
at java.base/jdk.internal.reflect.NativeMethodAccessorImpl.invoke(NativeMethodAccessorImpl.java:62)
at java.base/jdk.internal.reflect.DelegatingMethodAccessorImpl.invoke(DelegatingMethodAccessorImpl.java:43)
at java.base/java.lang.reflect.Method.invoke(Method.java:566)
at org.testng.internal.MethodInvocationHelper.invokeMethod(MethodInvocationHelper.java:124)
at org.testng.internal.Invoker.invokeMethod(Invoker.java:583)
at org.testng.internal.Invoker.invokeTestMethod(Invoker.java:719)
at org.testng.internal.Invoker.invokeTestMethods(Invoker.java:989)
at org.testng.internal.TestMethodWorker.invokeTestMethods(TestMethodWorker.java:125)
at org.testng.internal.TestMethodWorker.run(TestMethodWorker.java:109)
at org.testng.TestRunner.privateRun(TestRunner.java:648)
at org.testng.TestRunner.run(TestRunner.java:505)
at org.testng.SuiteRunner.runTest(SuiteRunner.java:455)
at org.testng.SuiteRunner.access$000(SuiteRunner.java:40)
at org.testng.SuiteRunner$SuiteWorker.run(SuiteRunner.java:489)
at org.testng.internal.thread.ThreadUtil$1.call(ThreadUtil.java:52)
at java.base/java.util.concurrent.FutureTask.run(FutureTask.java:264)
at java.base/java.util.concurrent.ThreadPoolExecutor.runWorker(ThreadPoolExecutor.java:1128)
at java.base/java.util.concurrent.ThreadPoolExecutor$Worker.run(ThreadPoolExecutor.java:628)
at java.base/java.lang.Thread.run(Thread.java:834)
]]>
            </full-stacktrace>
          </exception> <!-- java.lang.AssertionError -->
          <reporter-output>
            <line>
              <![CDATA[[INFO ] [2022-06-13 02:57:47,213] Step 1: Click to Sort Z to A
<br>]]>
            </line>
            <line>
              <![CDATA[[INFO ] [2022-06-13 02:57:48,037]  -------------------------- PASSED -------------------------- 
<br>]]>
            </line>
            <line>
              <![CDATA[[INFO ] [2022-06-13 02:57:48,037] Step 2: Click to Sort Z to A
<br>]]>
            </line>
            <line>
              <![CDATA[[INFO ] [2022-06-13 02:57:48,556]  -------------------------- FAILED -------------------------- 
<br>]]>
            </line>
            <line>
              <![CDATA[<br><a target="_blank" href="file:///E:\Automation Testing\04. Maven Automation Framework\ReportNGScreenShots\TC_02_Sort_Name_Z_To_A_13_06_2022_02_57_48.png"><img src="file:///E:\Automation Testing\04. Maven Automation Framework\ReportNGScreenShots\TC_02_Sort_Name_Z_To_A_13_06_2022_02_57_48.png" height='100' width='150'/> </a></br>]]>
            </line>
          </reporter-output>
        </test-method> <!-- TC_02_Sort_Name_Z_To_A -->
        <test-method signature="TC_03_Sort_Price_Low_To_High()[pri:0, instance:com.nopcommerce.user.Product_User_Nopcommerce@47b179d7]" started-at="2022-06-13T09:57:48Z" name="TC_03_Sort_Price_Low_To_High" finished-at="2022-06-13T09:57:50Z" duration-ms="1356" status="PASS">
          <reporter-output>
            <line>
              <![CDATA[[INFO ] [2022-06-13 02:57:48,854] Step 1: Click to Sort Low to High
<br>]]>
            </line>
            <line>
              <![CDATA[[INFO ] [2022-06-13 02:57:49,643]  -------------------------- PASSED -------------------------- 
<br>]]>
            </line>
            <line>
              <![CDATA[[INFO ] [2022-06-13 02:57:49,644] Step 2: Click to Sort Low to High
<br>]]>
            </line>
            <line>
              <![CDATA[[INFO ] [2022-06-13 02:57:50,209]  -------------------------- PASSED -------------------------- 
<br>]]>
            </line>
          </reporter-output>
        </test-method> <!-- TC_03_Sort_Price_Low_To_High -->
        <test-method signature="TC_04_Sort_Price_High_To_Low()[pri:0, instance:com.nopcommerce.user.Product_User_Nopcommerce@47b179d7]" started-at="2022-06-13T09:57:50Z" name="TC_04_Sort_Price_High_To_Low" finished-at="2022-06-13T09:57:51Z" duration-ms="1542" status="PASS">
          <reporter-output>
            <line>
              <![CDATA[[INFO ] [2022-06-13 02:57:50,214] Step 1: Click to Sort High to Low
<br>]]>
            </line>
            <line>
              <![CDATA[[INFO ] [2022-06-13 02:57:51,024]  -------------------------- PASSED -------------------------- 
<br>]]>
            </line>
            <line>
              <![CDATA[[INFO ] [2022-06-13 02:57:51,024] Step 2: Click to Sort High to High
<br>]]>
            </line>
            <line>
              <![CDATA[[INFO ] [2022-06-13 02:57:51,753]  -------------------------- PASSED -------------------------- 
<br>]]>
            </line>
          </reporter-output>
        </test-method> <!-- TC_04_Sort_Price_High_To_Low -->
        <test-method signature="TC_05_Product_Display_03_Product()[pri:0, instance:com.nopcommerce.user.Product_User_Nopcommerce@47b179d7]" started-at="2022-06-13T09:57:51Z" name="TC_05_Product_Display_03_Product" finished-at="2022-06-13T09:57:54Z" duration-ms="2457" status="PASS">
          <reporter-output>
            <line>
              <![CDATA[[INFO ] [2022-06-13 02:57:51,759] Step 1: Click to Sort A to Z
<br>]]>
            </line>
            <line>
              <![CDATA[[INFO ] [2022-06-13 02:57:52,706]  -------------------------- PASSED -------------------------- 
<br>]]>
            </line>
            <line>
              <![CDATA[[INFO ] [2022-06-13 02:57:52,706] Step 2: Click to Sort High to High
<br>]]>
            </line>
            <line>
              <![CDATA[[INFO ] [2022-06-13 02:57:53,163]  -------------------------- PASSED -------------------------- 
<br>]]>
            </line>
            <line>
              <![CDATA[[INFO ] [2022-06-13 02:57:53,163] Step 2: Click to Sort High to High
<br>]]>
            </line>
            <line>
              <![CDATA[[INFO ] [2022-06-13 02:57:53,267]  -------------------------- PASSED -------------------------- 
<br>]]>
            </line>
            <line>
              <![CDATA[[INFO ] [2022-06-13 02:57:53,267] Step 2: Click to Sort High to High
<br>]]>
            </line>
            <line>
              <![CDATA[[INFO ] [2022-06-13 02:57:54,089]  -------------------------- PASSED -------------------------- 
<br>]]>
            </line>
            <line>
              <![CDATA[[INFO ] [2022-06-13 02:57:54,089] Step 2: Click to Sort High to High
<br>]]>
            </line>
            <line>
              <![CDATA[[INFO ] [2022-06-13 02:57:54,214]  -------------------------- PASSED -------------------------- 
<br>]]>
            </line>
          </reporter-output>
        </test-method> <!-- TC_05_Product_Display_03_Product -->
        <test-method signature="TC_06_Product_Display_06_Product()[pri:0, instance:com.nopcommerce.user.Product_User_Nopcommerce@47b179d7]" started-at="2022-06-13T09:57:54Z" name="TC_06_Product_Display_06_Product" finished-at="2022-06-13T09:58:01Z" duration-ms="7401" status="PASS">
          <reporter-output>
            <line>
              <![CDATA[[INFO ] [2022-06-13 02:57:54,221] Step 2: Click to Sort High to High
<br>]]>
            </line>
            <line>
              <![CDATA[[INFO ] [2022-06-13 02:57:55,077]  -------------------------- PASSED -------------------------- 
<br>]]>
            </line>
            <line>
              <![CDATA[[INFO ] [2022-06-13 02:57:55,077] Step 1: Click to Sort A to Z
<br>]]>
            </line>
            <line>
              <![CDATA[[INFO ] [2022-06-13 02:57:55,984]  -------------------------- PASSED -------------------------- 
<br>]]>
            </line>
            <line>
              <![CDATA[[INFO ] [2022-06-13 02:57:55,984] Step 2: Click to Sort High to High
<br>]]>
            </line>
            <line>
              <![CDATA[[INFO ] [2022-06-13 02:57:56,520]  -------------------------- PASSED -------------------------- 
<br>]]>
            </line>
            <line>
              <![CDATA[[INFO ] [2022-06-13 02:57:56,520] Step 2: Click to Sort High to High
<br>]]>
            </line>
            <line>
              <![CDATA[[INFO ] [2022-06-13 02:58:01,618]  -------------------------- PASSED -------------------------- 
<br>]]>
            </line>
          </reporter-output>
        </test-method> <!-- TC_06_Product_Display_06_Product -->
        <test-method signature="TC_07_Product_Display_09_Product()[pri:0, instance:com.nopcommerce.user.Product_User_Nopcommerce@47b179d7]" started-at="2022-06-13T09:58:01Z" name="TC_07_Product_Display_09_Product" finished-at="2022-06-13T09:58:07Z" duration-ms="6275" status="PASS">
          <reporter-output>
            <line>
              <![CDATA[[INFO ] [2022-06-13 02:58:01,623] Step 1: Click to Sort A to Z
<br>]]>
            </line>
            <line>
              <![CDATA[[INFO ] [2022-06-13 02:58:02,417]  -------------------------- PASSED -------------------------- 
<br>]]>
            </line>
            <line>
              <![CDATA[[INFO ] [2022-06-13 02:58:02,418] Step 2: Click to Sort High to High
<br>]]>
            </line>
            <line>
              <![CDATA[[INFO ] [2022-06-13 02:58:02,833]  -------------------------- PASSED -------------------------- 
<br>]]>
            </line>
            <line>
              <![CDATA[[INFO ] [2022-06-13 02:58:02,833] Step 2: Click to Sort High to High
<br>]]>
            </line>
            <line>
              <![CDATA[[INFO ] [2022-06-13 02:58:07,895]  -------------------------- PASSED -------------------------- 
<br>]]>
            </line>
          </reporter-output>
        </test-method> <!-- TC_07_Product_Display_09_Product -->
        <test-method is-config="true" signature="afterclass()[pri:0, instance:com.nopcommerce.user.Product_User_Nopcommerce@47b179d7]" started-at="2022-06-13T09:58:07Z" name="afterclass" finished-at="2022-06-13T09:58:07Z" duration-ms="46" status="PASS">
          <reporter-output>
          </reporter-output>
        </test-method> <!-- afterclass -->
      </class> <!-- com.nopcommerce.user.Product_User_Nopcommerce -->
      <class name="com.nopcommerce.user.Login_User_Nopcommerce">
        <test-method is-config="true" signature="beforeClass(java.lang.String, java.lang.String, java.lang.String, java.lang.String)[pri:0, instance:com.nopcommerce.user.Login_User_Nopcommerce@1816e24a]" started-at="2022-06-13T09:56:45Z" name="beforeClass" finished-at="2022-06-13T09:56:50Z" duration-ms="4346" status="PASS">
          <params>
            <param index="0">
              <value>
                <![CDATA[chrome]]>
              </value>
            </param>
            <param index="1">
              <value>
                <![CDATA[https://demo.nopcommerce.com/]]>
              </value>
            </param>
            <param index="2">
              <value>
                <![CDATA[192.168.1.7]]>
              </value>
            </param>
            <param index="3">
              <value>
                <![CDATA[5555]]>
              </value>
            </param>
          </params>
          <reporter-output>
            <line>
              <![CDATA[[INFO ] [2022-06-13 02:56:49,255] Open Home Page
<br>]]>
            </line>
            <line>
              <![CDATA[[INFO ] [2022-06-13 02:56:49,255] Step 1: Click to 'Login' link on header menu
<br>]]>
            </line>
          </reporter-output>
        </test-method> <!-- beforeClass -->
        <test-method signature="TC_01_Login_Empty_Data()[pri:0, instance:com.nopcommerce.user.Login_User_Nopcommerce@1816e24a]" started-at="2022-06-13T09:56:50Z" name="TC_01_Login_Empty_Data" finished-at="2022-06-13T09:56:50Z" duration-ms="280" status="PASS">
          <reporter-output>
            <line>
              <![CDATA[[INFO ] [2022-06-13 02:56:50,113] Step 2: Click to 'Login' button with empty data
<br>]]>
            </line>
            <line>
              <![CDATA[[INFO ] [2022-06-13 02:56:50,312] Step 2: Verify error message 
<br>]]>
            </line>
            <line>
              <![CDATA[[INFO ] [2022-06-13 02:56:50,392]  -------------------------- PASSED -------------------------- 
<br>]]>
            </line>
          </reporter-output>
        </test-method> <!-- TC_01_Login_Empty_Data -->
        <test-method signature="TC_02_Login_Invalid_Email()[pri:0, instance:com.nopcommerce.user.Login_User_Nopcommerce@1816e24a]" started-at="2022-06-13T09:56:50Z" name="TC_02_Login_Invalid_Email" finished-at="2022-06-13T09:56:51Z" duration-ms="1318" status="PASS">
          <reporter-output>
            <line>
              <![CDATA[[INFO ] [2022-06-13 02:56:50,394] Step 3: Refesh login page
<br>]]>
            </line>
            <line>
              <![CDATA[[INFO ] [2022-06-13 02:56:50,437] Step 4: Enter ivalid email to email textbox
<br>]]>
            </line>
            <line>
              <![CDATA[[INFO ] [2022-06-13 02:56:51,156] Step 5: Enter password to email textbox
<br>]]>
            </line>
            <line>
              <![CDATA[[INFO ] [2022-06-13 02:56:51,427] Step 6: Click to 'Login' button 
<br>]]>
            </line>
            <line>
              <![CDATA[[INFO ] [2022-06-13 02:56:51,615] Step 7: Verify error message 
<br>]]>
            </line>
            <line>
              <![CDATA[[INFO ] [2022-06-13 02:56:51,711]  -------------------------- PASSED -------------------------- 
<br>]]>
            </line>
          </reporter-output>
        </test-method> <!-- TC_02_Login_Invalid_Email -->
        <test-method signature="TC_03_Login_Unregistered_Email()[pri:0, instance:com.nopcommerce.user.Login_User_Nopcommerce@1816e24a]" started-at="2022-06-13T09:56:51Z" name="TC_03_Login_Unregistered_Email" finished-at="2022-06-13T09:56:53Z" duration-ms="1719" status="PASS">
          <reporter-output>
            <line>
              <![CDATA[[INFO ] [2022-06-13 02:56:51,713] Step 3: Refesh login page
<br>]]>
            </line>
            <line>
              <![CDATA[[INFO ] [2022-06-13 02:56:51,735] Step 4: Enter ivalid email to email textbox
<br>]]>
            </line>
            <line>
              <![CDATA[[INFO ] [2022-06-13 02:56:52,429] Step 5: Enter password to email textbox
<br>]]>
            </line>
            <line>
              <![CDATA[[INFO ] [2022-06-13 02:56:52,672] Step 6: Click to 'Login' button 
<br>]]>
            </line>
            <line>
              <![CDATA[[INFO ] [2022-06-13 02:56:53,338] Step 7: Verify error message 
<br>]]>
            </line>
            <line>
              <![CDATA[[INFO ] [2022-06-13 02:56:53,431]  -------------------------- PASSED -------------------------- 
<br>]]>
            </line>
          </reporter-output>
        </test-method> <!-- TC_03_Login_Unregistered_Email -->
        <test-method signature="TC_04_Login_Empty_Password()[pri:0, instance:com.nopcommerce.user.Login_User_Nopcommerce@1816e24a]" started-at="2022-06-13T09:56:53Z" name="TC_04_Login_Empty_Password" finished-at="2022-06-13T09:56:54Z" duration-ms="1480" status="PASS">
          <reporter-output>
            <line>
              <![CDATA[[INFO ] [2022-06-13 02:56:53,433] Step 3: Refesh login page
<br>]]>
            </line>
            <line>
              <![CDATA[[INFO ] [2022-06-13 02:56:53,458] Step 4: Enter invalid email to email textbox
<br>]]>
            </line>
            <line>
              <![CDATA[[INFO ] [2022-06-13 02:56:54,149] Step 6: Click to 'Login' button 
<br>]]>
            </line>
            <line>
              <![CDATA[[INFO ] [2022-06-13 02:56:54,814] Step 7: Verify error message 
<br>]]>
            </line>
            <line>
              <![CDATA[[INFO ] [2022-06-13 02:56:54,912]  -------------------------- PASSED -------------------------- 
<br>]]>
            </line>
          </reporter-output>
        </test-method> <!-- TC_04_Login_Empty_Password -->
        <test-method signature="TC_05_Login_Wrong_Password()[pri:0, instance:com.nopcommerce.user.Login_User_Nopcommerce@1816e24a]" started-at="2022-06-13T09:56:54Z" name="TC_05_Login_Wrong_Password" finished-at="2022-06-13T09:56:56Z" duration-ms="1753" status="PASS">
          <reporter-output>
            <line>
              <![CDATA[[INFO ] [2022-06-13 02:56:54,913] Step 3: Refesh login page
<br>]]>
            </line>
            <line>
              <![CDATA[[INFO ] [2022-06-13 02:56:54,943] Step 4: Enter invalid email to email textbox
<br>]]>
            </line>
            <line>
              <![CDATA[[INFO ] [2022-06-13 02:56:55,647] Step 5: Enter password to 'Password' textbox
<br>]]>
            </line>
            <line>
              <![CDATA[[INFO ] [2022-06-13 02:56:55,913] Step 6: Click to 'Login' button 
<br>]]>
            </line>
            <line>
              <![CDATA[[INFO ] [2022-06-13 02:56:56,563] Step 7: Verify error message 
<br>]]>
            </line>
            <line>
              <![CDATA[[INFO ] [2022-06-13 02:56:56,665]  -------------------------- PASSED -------------------------- 
<br>]]>
            </line>
          </reporter-output>
        </test-method> <!-- TC_05_Login_Wrong_Password -->
        <test-method signature="TC_06_Login_Success()[pri:0, instance:com.nopcommerce.user.Login_User_Nopcommerce@1816e24a]" started-at="2022-06-13T09:56:56Z" name="TC_06_Login_Success" finished-at="2022-06-13T09:56:58Z" duration-ms="2019" status="PASS">
          <reporter-output>
            <line>
              <![CDATA[[INFO ] [2022-06-13 02:56:56,667] Step 3: Refesh login page
<br>]]>
            </line>
            <line>
              <![CDATA[[INFO ] [2022-06-13 02:56:56,694] Step 4: Enter invalid email to email textbox
<br>]]>
            </line>
            <line>
              <![CDATA[[INFO ] [2022-06-13 02:56:57,379] Step 5: Enter password to 'Password' textbox
<br>]]>
            </line>
            <line>
              <![CDATA[[INFO ] [2022-06-13 02:56:57,631] Step 6: Click to 'Login' button 
<br>]]>
            </line>
            <line>
              <![CDATA[[INFO ] [2022-06-13 02:56:58,589] Step 7: Verify 'Log out' header link button display  
<br>]]>
            </line>
            <line>
              <![CDATA[[INFO ] [2022-06-13 02:56:58,672]  -------------------------- PASSED -------------------------- 
<br>]]>
            </line>
          </reporter-output>
        </test-method> <!-- TC_06_Login_Success -->
        <test-method is-config="true" signature="afterclass()[pri:0, instance:com.nopcommerce.user.Login_User_Nopcommerce@1816e24a]" started-at="2022-06-13T09:56:58Z" name="afterclass" finished-at="2022-06-13T09:56:58Z" duration-ms="52" status="PASS">
          <reporter-output>
          </reporter-output>
        </test-method> <!-- afterclass -->
      </class> <!-- com.nopcommerce.user.Login_User_Nopcommerce -->
    </test> <!-- Run on Chrome laptop -->
  </suite> <!-- NopCommerce User -->
</testng-results>
